Unity Editor version:    2020.3.22f1 (e1a7f79fd887)
Branch:                  2020.3/staging
Build type:              Release
Batch mode:              YES
macOS version:           Version 12.3 (Build 21E230)
Darwin version:          21.4.0
Architecture:            x86_64
Running under Rosetta:   NO
Available memory:        8192 MB
Using pre-set license
Pro License: NO

COMMAND LINE ARGUMENTS:
/Applications/Unity/Hub/Editor/2020.3.22f1/Unity.app/Contents/MacOS/Unity
-adb2
-batchMode
-noUpm
-name
AssetImportWorker11
-projectPath
/Users/takayamarie/RomaJiYomi
-logFile
Logs/AssetImportWorker11.log
-srvPort
49710
Successfully changed project path to: /Users/takayamarie/RomaJiYomi
/Users/takayamarie/RomaJiYomi
Using Asset Import Pipeline V2.
Refreshing native plugins compatible for Editor in 1258.91 ms, found 3 plugins.
Preloading 0 native plugins for Editor in 0.00 ms.
Initialize engine version: 2020.3.22f1 (e1a7f79fd887)
[Subsystems] Discovering subsystems at path /Applications/Unity/Hub/Editor/2020.3.22f1/Unity.app/Contents/Resources/UnitySubsystems
[Subsystems] Discovering subsystems at path /Users/takayamarie/RomaJiYomi/Assets
GfxDevice: creating device client; threaded=0
2022-07-14 05:42:31.547 Unity[2517:27538] Color LCD preferred device: Intel(R) Iris(TM) Graphics 6100 (low power)
2022-07-14 05:42:31.547 Unity[2517:27538] Metal devices available: 1
2022-07-14 05:42:31.547 Unity[2517:27538] 0: Intel(R) Iris(TM) Graphics 6100 (low power)
2022-07-14 05:42:31.548 Unity[2517:27538] Using device Intel(R) Iris(TM) Graphics 6100 (low power)
Initializing Metal device caps: Intel(R) Iris(TM) Graphics 6100
Initialize mono
Mono path[0] = '/Applications/Unity/Hub/Editor/2020.3.22f1/Unity.app/Contents/Managed'
Mono path[1] = '/Applications/Unity/Hub/Editor/2020.3.22f1/Unity.app/Contents/MonoBleedingEdge/lib/mono/unityjit'
Mono config path = '/Applications/Unity/Hub/Editor/2020.3.22f1/Unity.app/Contents/MonoBleedingEdge/etc'
Using monoOptions --debugger-agent=transport=dt_socket,embedding=1,server=y,suspend=n,address=127.0.0.1:56517
Begin MonoManager ReloadAssembly
Registering precompiled unity dll's ...
Register platform support module: /Applications/Unity/Hub/Editor/2020.3.22f1/Unity.app/Contents/PlaybackEngines/MacStandaloneSupport/UnityEditor.OSXStandalone.Extensions.dll
Registered in 0.001878 seconds.
Native extension for OSXStandalone target not found
Refreshing native plugins compatible for Editor in 202.38 ms, found 3 plugins.
Preloading 0 native plugins for Editor in 0.00 ms.
Mono: successfully reloaded assembly
- Completed reload, in  5.652 seconds
Domain Reload Profiling:
	ReloadAssembly (5652ms)
		BeginReloadAssembly (79ms)
			ExecutionOrderSort (0ms)
			DisableScriptedObjects (0ms)
			BackupInstance (0ms)
			ReleaseScriptingObjects (0ms)
			CreateAndSetChildDomain (2ms)
		EndReloadAssembly (1222ms)
			LoadAssemblies (80ms)
			RebuildTransferFunctionScriptingTraits (0ms)
			SetupTypeCache (482ms)
			ReleaseScriptCaches (0ms)
			RebuildScriptCaches (86ms)
			SetupLoadedEditorAssemblies (470ms)
				LogAssemblyErrors (0ms)
				InitializePlatformSupportModulesInManaged (8ms)
				SetLoadedEditorAssemblies (0ms)
				RefreshPlugins (202ms)
				BeforeProcessingInitializeOnLoad (15ms)
				ProcessInitializeOnLoadAttributes (200ms)
				ProcessInitializeOnLoadMethodAttributes (44ms)
				AfterProcessingInitializeOnLoad (0ms)
				EditorAssembliesLoaded (0ms)
			ExecutionOrderSort2 (0ms)
			AwakeInstancesAfterBackupRestoration (0ms)
Platform modules already initialized, skipping
Registering precompiled user dll's ...
Registered in 0.024028 seconds.
Begin MonoManager ReloadAssembly
Native extension for OSXStandalone target not found
Refreshing native plugins compatible for Editor in 190.24 ms, found 3 plugins.
Preloading 0 native plugins for Editor in 0.00 ms.
WARNING: RGBA Compressed ETC2 UNorm format is not supported, decompressing texture
Mono: successfully reloaded assembly
- Completed reload, in  2.944 seconds
Domain Reload Profiling:
	ReloadAssembly (2947ms)
		BeginReloadAssembly (251ms)
			ExecutionOrderSort (0ms)
			DisableScriptedObjects (9ms)
			BackupInstance (0ms)
			ReleaseScriptingObjects (0ms)
			CreateAndSetChildDomain (34ms)
		EndReloadAssembly (2594ms)
			LoadAssemblies (593ms)
			RebuildTransferFunctionScriptingTraits (0ms)
			SetupTypeCache (649ms)
			ReleaseScriptCaches (1ms)
			RebuildScriptCaches (118ms)
			SetupLoadedEditorAssemblies (907ms)
				LogAssemblyErrors (0ms)
				InitializePlatformSupportModulesInManaged (5ms)
				SetLoadedEditorAssemblies (0ms)
				RefreshPlugins (190ms)
				BeforeProcessingInitializeOnLoad (123ms)
				ProcessInitializeOnLoadAttributes (558ms)
				ProcessInitializeOnLoadMethodAttributes (29ms)
				AfterProcessingInitializeOnLoad (1ms)
				EditorAssembliesLoaded (0ms)
			ExecutionOrderSort2 (0ms)
			AwakeInstancesAfterBackupRestoration (9ms)
Platform modules already initialized, skipping
Validating Project structure ... 0.451163 seconds.
Shader import version has changed; will reimport all shaders...
Upgrading shader files ...0.800633 seconds.
Application.AssetDatabase Initial Script Refresh Start
RefreshInfo: InitialScriptRefreshV2(NoUpdateAssetOptions) scanfilter:  ... 1 filters
RefreshProfiler: Total: 0.000ms
Application.AssetDatabase Initial Script Refresh End
Application.AssetDatabase.Refresh Start
Application.AssetDatabase.Refresh End
RefreshInfo: StopAssetImportingV2(ForceSynchronousImport) scanfilter: 
RefreshProfiler: Total: 0.000ms
WARNING: RGBA Compressed ETC2 UNorm format is not supported, decompressing texture
Launching external process: /Applications/Unity/Hub/Editor/2020.3.22f1/Unity.app/Contents/Tools/UnityShaderCompiler
Launched and connected shader compiler UnityShaderCompiler after 0.36 seconds
Initializing Unity extensions:
2022-07-14 05:42:54.175 Unity[2517:27538] NSEventModifierFlagFunction specified to -setKeyEquivalentModifierMask: for item <NSMenuItem: 0x60000267a6f0 Font Asset, ke='Command-F12'>, but is only supported for system-provided menu items; will not be used
2022-07-14 05:42:54.183 Unity[2517:27538] NSEventModifierFlagFunction specified to -setKeyEquivalentModifierMask: for item <NSMenuItem: 0x60000265d730 Font Asset, ke='Command-F12'>, but is only supported for system-provided menu items; will not be used
========================================================================
Worker process is ready to serve import requests
Refreshing native plugins compatible for Editor in 1.92 ms, found 3 plugins.
Preloading 0 native plugins for Editor in 0.00 ms.
Unloading 3128 Unused Serialized files (Serialized files now loaded: 0)
System memory in use before: 266.6 MB.
System memory in use after: 264.0 MB.

Unloading 394 unused Assets to reduce memory usage. Loaded Objects now: 3536.
Total: 8.114044 ms (FindLiveObjects: 1.375512 ms CreateObjectMapping: 0.303196 ms MarkObjects: 5.122896 ms  DeleteObjects: 1.305673 ms)

AssetImportParameters requested are different than current active one (requested -> active):
  custom:video-decoder-ogg-theora: a1e56fd34408186e4bbccfd4996cb3dc -> 
  custom:container-muxer-webm: aa71ff27fc2769a1b78a27578f13a17b -> 
  custom:container-demuxer-webm: 4f35f7cbe854078d1ac9338744f61a02 -> 
  custom:container-demuxer-ogg: 62fdf1f143b41e24485cea50d1cbac27 -> 
  custom:video-encoder-webm-vp8: eb34c28f22e8b96e1ab97ce403110664 -> 
  custom:framework-osx-AVFoundation: e770b220cccbd017edd2c1fefb359320 -> 
  custom:video-decoder-webm-vp8: 9c59270c3fd7afecdb556c50c9e8de78 -> 
  custom:audio-decoder-ogg-vorbis: bf7c407c2cedff20999df2af8eb42d56 -> 
  custom:audio-encoder-webm-vorbis: bf7c407c2cedff20999df2af8eb42d56 -> 
========================================================================
Received Import Request.
  path: Assets/Scenes/RenshuuScene.unity
  artifactKey: Guid(e7c3d4b5feed14d39824cd6a8e90d14a) Importer(815301076,1909f56bfc062723c751e8b465ee728b)
Start importing Assets/Scenes/RenshuuScene.unity using Guid(e7c3d4b5feed14d39824cd6a8e90d14a) Importer(815301076,1909f56bfc062723c751e8b465ee728b)  -> (artifact id: '774ff36794c0f264b3932f2b1fe3f10a') in 0.021183 seconds 
  Import took 0.033677 seconds .

========================================================================
Received Import Request.
  Time since last request: 0.020177 seconds.
  path: Assets/Scenes/KihonScene.unity
  artifactKey: Guid(2cda990e2423bbf4892e6590ba056729) Importer(815301076,1909f56bfc062723c751e8b465ee728b)
Start importing Assets/Scenes/KihonScene.unity using Guid(2cda990e2423bbf4892e6590ba056729) Importer(815301076,1909f56bfc062723c751e8b465ee728b)  -> (artifact id: '24a8717b027ca857542b8752729aef81') in 0.005641 seconds 
  Import took 0.014855 seconds .

========================================================================
Received Import Request.
  Time since last request: 0.000301 seconds.
  path: Assets/Scripts/BDest.cs
  artifactKey: Guid(af9d97f743deb4e609ee6ea52b137490) Importer(815301076,1909f56bfc062723c751e8b465ee728b)
Start importing Assets/Scripts/BDest.cs using Guid(af9d97f743deb4e609ee6ea52b137490) Importer(815301076,1909f56bfc062723c751e8b465ee728b)  -> (artifact id: '9c8211d5ad21235a9ec08ca8d65b9368') in 0.767904 seconds 
  Import took 0.775815 seconds .

========================================================================
Received Prepare
Registering precompiled user dll's ...
Registered in 0.013220 seconds.
Begin MonoManager ReloadAssembly
Native extension for OSXStandalone target not found
Refreshing native plugins compatible for Editor in 5.37 ms, found 3 plugins.
Preloading 0 native plugins for Editor in 0.00 ms.
2022-07-14 05:57:36.567 Unity[2517:27538] NSEventModifierFlagFunction specified to -setKeyEquivalentModifierMask: for item <NSMenuItem: 0x6000025df170 Font Asset, ke='Command-F12'>, but is only supported for system-provided menu items; will not be used
Mono: successfully reloaded assembly
- Completed reload, in  2.135 seconds
Domain Reload Profiling:
	ReloadAssembly (2139ms)
		BeginReloadAssembly (275ms)
			ExecutionOrderSort (0ms)
			DisableScriptedObjects (22ms)
			BackupInstance (0ms)
			ReleaseScriptingObjects (0ms)
			CreateAndSetChildDomain (152ms)
		EndReloadAssembly (1768ms)
			LoadAssemblies (197ms)
			RebuildTransferFunctionScriptingTraits (0ms)
			SetupTypeCache (557ms)
			ReleaseScriptCaches (1ms)
			RebuildScriptCaches (75ms)
			SetupLoadedEditorAssemblies (655ms)
				LogAssemblyErrors (0ms)
				InitializePlatformSupportModulesInManaged (6ms)
				SetLoadedEditorAssemblies (1ms)
				RefreshPlugins (5ms)
				BeforeProcessingInitializeOnLoad (271ms)
				ProcessInitializeOnLoadAttributes (356ms)
				ProcessInitializeOnLoadMethodAttributes (14ms)
				AfterProcessingInitializeOnLoad (1ms)
				EditorAssembliesLoaded (0ms)
			ExecutionOrderSort2 (0ms)
			AwakeInstancesAfterBackupRestoration (13ms)
Platform modules already initialized, skipping
Switching build target platform(2) subTarget(0) extendedPlatform(0) -> platform(13) subTarget(537395200) extendedPlatform(0)
Refreshing native plugins compatible for Editor in 2.17 ms, found 3 plugins.
Preloading 0 native plugins for Editor in 0.00 ms.
Unloading 3053 Unused Serialized files (Serialized files now loaded: 0)
System memory in use before: 258.6 MB.
System memory in use after: 258.8 MB.

Unloading 108 unused Assets to reduce memory usage. Loaded Objects now: 3550.
Total: 4.612127 ms (FindLiveObjects: 0.429273 ms CreateObjectMapping: 0.138178 ms MarkObjects: 3.983725 ms  DeleteObjects: 0.059749 ms)

AssetImportParameters requested are different than current active one (requested -> active):
  custom:video-decoder-ogg-theora: a1e56fd34408186e4bbccfd4996cb3dc -> 
  custom:container-muxer-webm: aa71ff27fc2769a1b78a27578f13a17b -> 
  custom:container-demuxer-webm: 4f35f7cbe854078d1ac9338744f61a02 -> 
  custom:container-demuxer-ogg: 62fdf1f143b41e24485cea50d1cbac27 -> 
  custom:video-encoder-webm-vp8: eb34c28f22e8b96e1ab97ce403110664 -> 
  custom:framework-osx-AVFoundation: e770b220cccbd017edd2c1fefb359320 -> 
  custom:video-decoder-webm-vp8: 9c59270c3fd7afecdb556c50c9e8de78 -> 
  custom:graphics/normal-map-encoding: 01000000000000000000000000000000 -> 02000000000000000000000000000000
  custom:audio-decoder-ogg-vorbis: bf7c407c2cedff20999df2af8eb42d56 -> 
  custom:audio-encoder-webm-vorbis: bf7c407c2cedff20999df2af8eb42d56 -> 
========================================================================
Received Import Request.
  Time since last request: 895.156838 seconds.
  path: Assets/Scripts/BDest.cs
  artifactKey: Guid(af9d97f743deb4e609ee6ea52b137490) Importer(815301076,1909f56bfc062723c751e8b465ee728b)
Start importing Assets/Scripts/BDest.cs using Guid(af9d97f743deb4e609ee6ea52b137490) Importer(815301076,1909f56bfc062723c751e8b465ee728b)  -> (artifact id: '22e3118036439c8d7ac6f1787704957f') in 0.016686 seconds 
  Import took 0.026618 seconds .

========================================================================
Received Prepare
Registering precompiled user dll's ...
Registered in 0.012960 seconds.
Begin MonoManager ReloadAssembly
Native extension for OSXStandalone target not found
Refreshing native plugins compatible for Editor in 1.95 ms, found 3 plugins.
Preloading 0 native plugins for Editor in 0.00 ms.
2022-07-14 05:59:54.544 Unity[2517:27538] NSEventModifierFlagFunction specified to -setKeyEquivalentModifierMask: for item <NSMenuItem: 0x60000261fdb0 Font Asset, ke='Command-F12'>, but is only supported for system-provided menu items; will not be used
Mono: successfully reloaded assembly
- Completed reload, in  1.792 seconds
Domain Reload Profiling:
	ReloadAssembly (1792ms)
		BeginReloadAssembly (172ms)
			ExecutionOrderSort (0ms)
			DisableScriptedObjects (8ms)
			BackupInstance (0ms)
			ReleaseScriptingObjects (0ms)
			CreateAndSetChildDomain (70ms)
		EndReloadAssembly (1540ms)
			LoadAssemblies (150ms)
			RebuildTransferFunctionScriptingTraits (0ms)
			SetupTypeCache (503ms)
			ReleaseScriptCaches (1ms)
			RebuildScriptCaches (85ms)
			SetupLoadedEditorAssemblies (580ms)
				LogAssemblyErrors (0ms)
				InitializePlatformSupportModulesInManaged (5ms)
				SetLoadedEditorAssemblies (1ms)
				RefreshPlugins (2ms)
				BeforeProcessingInitializeOnLoad (172ms)
				ProcessInitializeOnLoadAttributes (381ms)
				ProcessInitializeOnLoadMethodAttributes (18ms)
				AfterProcessingInitializeOnLoad (1ms)
				EditorAssembliesLoaded (0ms)
			ExecutionOrderSort2 (0ms)
			AwakeInstancesAfterBackupRestoration (26ms)
Platform modules already initialized, skipping
Switching build target platform(2) subTarget(0) extendedPlatform(0) -> platform(13) subTarget(537395200) extendedPlatform(0)
Refreshing native plugins compatible for Editor in 2.02 ms, found 3 plugins.
Preloading 0 native plugins for Editor in 0.00 ms.
Unloading 3053 Unused Serialized files (Serialized files now loaded: 0)
System memory in use before: 259.6 MB.
System memory in use after: 259.9 MB.

Unloading 107 unused Assets to reduce memory usage. Loaded Objects now: 3563.
Total: 4.879036 ms (FindLiveObjects: 0.460384 ms CreateObjectMapping: 0.280457 ms MarkObjects: 4.087509 ms  DeleteObjects: 0.049472 ms)

AssetImportParameters requested are different than current active one (requested -> active):
  custom:video-decoder-ogg-theora: a1e56fd34408186e4bbccfd4996cb3dc -> 
  custom:container-muxer-webm: aa71ff27fc2769a1b78a27578f13a17b -> 
  custom:container-demuxer-webm: 4f35f7cbe854078d1ac9338744f61a02 -> 
  custom:container-demuxer-ogg: 62fdf1f143b41e24485cea50d1cbac27 -> 
  custom:video-encoder-webm-vp8: eb34c28f22e8b96e1ab97ce403110664 -> 
  custom:framework-osx-AVFoundation: e770b220cccbd017edd2c1fefb359320 -> 
  custom:video-decoder-webm-vp8: 9c59270c3fd7afecdb556c50c9e8de78 -> 
  custom:graphics/normal-map-encoding: 01000000000000000000000000000000 -> 02000000000000000000000000000000
  custom:audio-decoder-ogg-vorbis: bf7c407c2cedff20999df2af8eb42d56 -> 
  custom:audio-encoder-webm-vorbis: bf7c407c2cedff20999df2af8eb42d56 -> 
========================================================================
Received Import Request.
  Time since last request: 128.695837 seconds.
  path: Assets/Scripts/BDest.cs
  artifactKey: Guid(af9d97f743deb4e609ee6ea52b137490) Importer(815301076,1909f56bfc062723c751e8b465ee728b)
Start importing Assets/Scripts/BDest.cs using Guid(af9d97f743deb4e609ee6ea52b137490) Importer(815301076,1909f56bfc062723c751e8b465ee728b)  -> (artifact id: 'd0a5a7308a63220a195427bd9e7c3325') in 0.007141 seconds 
  Import took 0.015031 seconds .

========================================================================
Received Prepare
Registering precompiled user dll's ...
Registered in 0.021689 seconds.
Begin MonoManager ReloadAssembly
Native extension for OSXStandalone target not found
Refreshing native plugins compatible for Editor in 2.06 ms, found 3 plugins.
Preloading 0 native plugins for Editor in 0.00 ms.
2022-07-14 06:02:10.477 Unity[2517:27538] NSEventModifierFlagFunction specified to -setKeyEquivalentModifierMask: for item <NSMenuItem: 0x60000261f020 Font Asset, ke='Command-F12'>, but is only supported for system-provided menu items; will not be used
Mono: successfully reloaded assembly
- Completed reload, in  2.173 seconds
Domain Reload Profiling:
	ReloadAssembly (2175ms)
		BeginReloadAssembly (175ms)
			ExecutionOrderSort (0ms)
			DisableScriptedObjects (9ms)
			BackupInstance (0ms)
			ReleaseScriptingObjects (0ms)
			CreateAndSetChildDomain (74ms)
		EndReloadAssembly (1895ms)
			LoadAssemblies (319ms)
			RebuildTransferFunctionScriptingTraits (0ms)
			SetupTypeCache (502ms)
			ReleaseScriptCaches (1ms)
			RebuildScriptCaches (87ms)
			SetupLoadedEditorAssemblies (633ms)
				LogAssemblyErrors (0ms)
				InitializePlatformSupportModulesInManaged (9ms)
				SetLoadedEditorAssemblies (2ms)
				RefreshPlugins (2ms)
				BeforeProcessingInitializeOnLoad (211ms)
				ProcessInitializeOnLoadAttributes (390ms)
				ProcessInitializeOnLoadMethodAttributes (17ms)
				AfterProcessingInitializeOnLoad (1ms)
				EditorAssembliesLoaded (0ms)
			ExecutionOrderSort2 (0ms)
			AwakeInstancesAfterBackupRestoration (21ms)
Platform modules already initialized, skipping
Switching build target platform(2) subTarget(0) extendedPlatform(0) -> platform(13) subTarget(537395200) extendedPlatform(0)
Refreshing native plugins compatible for Editor in 1.99 ms, found 3 plugins.
Preloading 0 native plugins for Editor in 0.00 ms.
Unloading 3053 Unused Serialized files (Serialized files now loaded: 0)
System memory in use before: 259.9 MB.
System memory in use after: 260.2 MB.

Unloading 107 unused Assets to reduce memory usage. Loaded Objects now: 3576.
Total: 5.059468 ms (FindLiveObjects: 0.464665 ms CreateObjectMapping: 0.275886 ms MarkObjects: 4.258105 ms  DeleteObjects: 0.059528 ms)

AssetImportParameters requested are different than current active one (requested -> active):
  custom:video-decoder-ogg-theora: a1e56fd34408186e4bbccfd4996cb3dc -> 
  custom:container-muxer-webm: aa71ff27fc2769a1b78a27578f13a17b -> 
  custom:container-demuxer-webm: 4f35f7cbe854078d1ac9338744f61a02 -> 
  custom:container-demuxer-ogg: 62fdf1f143b41e24485cea50d1cbac27 -> 
  custom:video-encoder-webm-vp8: eb34c28f22e8b96e1ab97ce403110664 -> 
  custom:framework-osx-AVFoundation: e770b220cccbd017edd2c1fefb359320 -> 
  custom:video-decoder-webm-vp8: 9c59270c3fd7afecdb556c50c9e8de78 -> 
  custom:graphics/normal-map-encoding: 01000000000000000000000000000000 -> 02000000000000000000000000000000
  custom:audio-decoder-ogg-vorbis: bf7c407c2cedff20999df2af8eb42d56 -> 
  custom:audio-encoder-webm-vorbis: bf7c407c2cedff20999df2af8eb42d56 -> 
========================================================================
Received Import Request.
  Time since last request: 135.303318 seconds.
  path: Assets/Scripts/BDest.cs
  artifactKey: Guid(af9d97f743deb4e609ee6ea52b137490) Importer(815301076,1909f56bfc062723c751e8b465ee728b)
Start importing Assets/Scripts/BDest.cs using Guid(af9d97f743deb4e609ee6ea52b137490) Importer(815301076,1909f56bfc062723c751e8b465ee728b)  -> (artifact id: 'de746cdc97a04d484e16dc2a6a750628') in 0.006563 seconds 
  Import took 0.014168 seconds .

========================================================================
Received Import Request.
  Time since last request: 28.279199 seconds.
  path: Assets/Scripts/BDest.cs
  artifactKey: Guid(af9d97f743deb4e609ee6ea52b137490) Importer(815301076,1909f56bfc062723c751e8b465ee728b)
Start importing Assets/Scripts/BDest.cs using Guid(af9d97f743deb4e609ee6ea52b137490) Importer(815301076,1909f56bfc062723c751e8b465ee728b)  -> (artifact id: '51c7482207f3e193b32c322480c2b187') in 0.003278 seconds 
  Import took 0.013663 seconds .

========================================================================
Received Prepare
Registering precompiled user dll's ...
Registered in 0.015576 seconds.
Begin MonoManager ReloadAssembly
Native extension for OSXStandalone target not found
Refreshing native plugins compatible for Editor in 6.11 ms, found 3 plugins.
Preloading 0 native plugins for Editor in 0.00 ms.
2022-07-14 06:03:25.052 Unity[2517:27538] NSEventModifierFlagFunction specified to -setKeyEquivalentModifierMask: for item <NSMenuItem: 0x60000261ef40 Font Asset, ke='Command-F12'>, but is only supported for system-provided menu items; will not be used
Mono: successfully reloaded assembly
- Completed reload, in  2.939 seconds
Domain Reload Profiling:
	ReloadAssembly (2939ms)
		BeginReloadAssembly (178ms)
			ExecutionOrderSort (0ms)
			DisableScriptedObjects (9ms)
			BackupInstance (0ms)
			ReleaseScriptingObjects (0ms)
			CreateAndSetChildDomain (84ms)
		EndReloadAssembly (2664ms)
			LoadAssemblies (161ms)
			RebuildTransferFunctionScriptingTraits (0ms)
			SetupTypeCache (616ms)
			ReleaseScriptCaches (2ms)
			RebuildScriptCaches (131ms)
			SetupLoadedEditorAssemblies (1163ms)
				LogAssemblyErrors (0ms)
				InitializePlatformSupportModulesInManaged (10ms)
				SetLoadedEditorAssemblies (1ms)
				RefreshPlugins (6ms)
				BeforeProcessingInitializeOnLoad (258ms)
				ProcessInitializeOnLoadAttributes (835ms)
				ProcessInitializeOnLoadMethodAttributes (50ms)
				AfterProcessingInitializeOnLoad (2ms)
				EditorAssembliesLoaded (0ms)
			ExecutionOrderSort2 (0ms)
			AwakeInstancesAfterBackupRestoration (135ms)
Platform modules already initialized, skipping
Switching build target platform(2) subTarget(0) extendedPlatform(0) -> platform(13) subTarget(537395200) extendedPlatform(0)
Refreshing native plugins compatible for Editor in 2.83 ms, found 3 plugins.
Preloading 0 native plugins for Editor in 0.00 ms.
Unloading 3053 Unused Serialized files (Serialized files now loaded: 0)
System memory in use before: 260.2 MB.
System memory in use after: 260.5 MB.

Unloading 107 unused Assets to reduce memory usage. Loaded Objects now: 3589.
Total: 5.354876 ms (FindLiveObjects: 0.338106 ms CreateObjectMapping: 0.135586 ms MarkObjects: 4.821425 ms  DeleteObjects: 0.058467 ms)

AssetImportParameters requested are different than current active one (requested -> active):
  custom:video-decoder-ogg-theora: a1e56fd34408186e4bbccfd4996cb3dc -> 
  custom:container-muxer-webm: aa71ff27fc2769a1b78a27578f13a17b -> 
  custom:container-demuxer-webm: 4f35f7cbe854078d1ac9338744f61a02 -> 
  custom:container-demuxer-ogg: 62fdf1f143b41e24485cea50d1cbac27 -> 
  custom:video-encoder-webm-vp8: eb34c28f22e8b96e1ab97ce403110664 -> 
  custom:framework-osx-AVFoundation: e770b220cccbd017edd2c1fefb359320 -> 
  custom:video-decoder-webm-vp8: 9c59270c3fd7afecdb556c50c9e8de78 -> 
  custom:graphics/normal-map-encoding: 01000000000000000000000000000000 -> 02000000000000000000000000000000
  custom:audio-decoder-ogg-vorbis: bf7c407c2cedff20999df2af8eb42d56 -> 
  custom:audio-encoder-webm-vorbis: bf7c407c2cedff20999df2af8eb42d56 -> 
========================================================================
Received Prepare
Registering precompiled user dll's ...
Registered in 0.013962 seconds.
Begin MonoManager ReloadAssembly
Native extension for OSXStandalone target not found
Refreshing native plugins compatible for Editor in 1.95 ms, found 3 plugins.
Preloading 0 native plugins for Editor in 0.00 ms.
2022-07-14 06:05:07.699 Unity[2517:27538] NSEventModifierFlagFunction specified to -setKeyEquivalentModifierMask: for item <NSMenuItem: 0x6000026235d0 Font Asset, ke='Command-F12'>, but is only supported for system-provided menu items; will not be used
Mono: successfully reloaded assembly
- Completed reload, in  1.741 seconds
Domain Reload Profiling:
	ReloadAssembly (1741ms)
		BeginReloadAssembly (174ms)
			ExecutionOrderSort (0ms)
			DisableScriptedObjects (9ms)
			BackupInstance (0ms)
			ReleaseScriptingObjects (0ms)
			CreateAndSetChildDomain (80ms)
		EndReloadAssembly (1488ms)
			LoadAssemblies (149ms)
			RebuildTransferFunctionScriptingTraits (0ms)
			SetupTypeCache (505ms)
			ReleaseScriptCaches (2ms)
			RebuildScriptCaches (88ms)
			SetupLoadedEditorAssemblies (532ms)
				LogAssemblyErrors (0ms)
				InitializePlatformSupportModulesInManaged (5ms)
				SetLoadedEditorAssemblies (1ms)
				RefreshPlugins (2ms)
				BeforeProcessingInitializeOnLoad (168ms)
				ProcessInitializeOnLoadAttributes (341ms)
				ProcessInitializeOnLoadMethodAttributes (14ms)
				AfterProcessingInitializeOnLoad (1ms)
				EditorAssembliesLoaded (0ms)
			ExecutionOrderSort2 (0ms)
			AwakeInstancesAfterBackupRestoration (23ms)
Platform modules already initialized, skipping
Switching build target platform(2) subTarget(0) extendedPlatform(0) -> platform(13) subTarget(537395200) extendedPlatform(0)
Refreshing native plugins compatible for Editor in 1.96 ms, found 3 plugins.
Preloading 0 native plugins for Editor in 0.00 ms.
Unloading 3053 Unused Serialized files (Serialized files now loaded: 0)
System memory in use before: 260.5 MB.
System memory in use after: 260.7 MB.

Unloading 107 unused Assets to reduce memory usage. Loaded Objects now: 3602.
Total: 4.546123 ms (FindLiveObjects: 0.361732 ms CreateObjectMapping: 0.136981 ms MarkObjects: 3.982601 ms  DeleteObjects: 0.063652 ms)

AssetImportParameters requested are different than current active one (requested -> active):
  custom:video-decoder-ogg-theora: a1e56fd34408186e4bbccfd4996cb3dc -> 
  custom:container-muxer-webm: aa71ff27fc2769a1b78a27578f13a17b -> 
  custom:container-demuxer-webm: 4f35f7cbe854078d1ac9338744f61a02 -> 
  custom:container-demuxer-ogg: 62fdf1f143b41e24485cea50d1cbac27 -> 
  custom:video-encoder-webm-vp8: eb34c28f22e8b96e1ab97ce403110664 -> 
  custom:framework-osx-AVFoundation: e770b220cccbd017edd2c1fefb359320 -> 
  custom:video-decoder-webm-vp8: 9c59270c3fd7afecdb556c50c9e8de78 -> 
  custom:graphics/normal-map-encoding: 01000000000000000000000000000000 -> 02000000000000000000000000000000
  custom:audio-decoder-ogg-vorbis: bf7c407c2cedff20999df2af8eb42d56 -> 
  custom:audio-encoder-webm-vorbis: bf7c407c2cedff20999df2af8eb42d56 -> 
========================================================================
Received Prepare
Registering precompiled user dll's ...
Registered in 0.034745 seconds.
Begin MonoManager ReloadAssembly
Native extension for OSXStandalone target not found
Refreshing native plugins compatible for Editor in 2.00 ms, found 3 plugins.
Preloading 0 native plugins for Editor in 0.00 ms.
2022-07-14 06:05:32.275 Unity[2517:27538] NSEventModifierFlagFunction specified to -setKeyEquivalentModifierMask: for item <NSMenuItem: 0x60000261cee0 Font Asset, ke='Command-F12'>, but is only supported for system-provided menu items; will not be used
Mono: successfully reloaded assembly
- Completed reload, in  1.944 seconds
Domain Reload Profiling:
	ReloadAssembly (1945ms)
		BeginReloadAssembly (182ms)
			ExecutionOrderSort (0ms)
			DisableScriptedObjects (11ms)
			BackupInstance (0ms)
			ReleaseScriptingObjects (0ms)
			CreateAndSetChildDomain (78ms)
		EndReloadAssembly (1659ms)
			LoadAssemblies (165ms)
			RebuildTransferFunctionScriptingTraits (0ms)
			SetupTypeCache (565ms)
			ReleaseScriptCaches (1ms)
			RebuildScriptCaches (88ms)
			SetupLoadedEditorAssemblies (621ms)
				LogAssemblyErrors (0ms)
				InitializePlatformSupportModulesInManaged (6ms)
				SetLoadedEditorAssemblies (1ms)
				RefreshPlugins (2ms)
				BeforeProcessingInitializeOnLoad (196ms)
				ProcessInitializeOnLoadAttributes (400ms)
				ProcessInitializeOnLoadMethodAttributes (15ms)
				AfterProcessingInitializeOnLoad (1ms)
				EditorAssembliesLoaded (0ms)
			ExecutionOrderSort2 (0ms)
			AwakeInstancesAfterBackupRestoration (24ms)
Platform modules already initialized, skipping
Switching build target platform(2) subTarget(0) extendedPlatform(0) -> platform(13) subTarget(537395200) extendedPlatform(0)
Refreshing native plugins compatible for Editor in 2.06 ms, found 3 plugins.
Preloading 0 native plugins for Editor in 0.00 ms.
Unloading 3053 Unused Serialized files (Serialized files now loaded: 0)
System memory in use before: 260.7 MB.
System memory in use after: 260.9 MB.

Unloading 107 unused Assets to reduce memory usage. Loaded Objects now: 3615.
Total: 5.742212 ms (FindLiveObjects: 0.559049 ms CreateObjectMapping: 0.503269 ms MarkObjects: 4.625967 ms  DeleteObjects: 0.052677 ms)

AssetImportParameters requested are different than current active one (requested -> active):
  custom:video-decoder-ogg-theora: a1e56fd34408186e4bbccfd4996cb3dc -> 
  custom:container-muxer-webm: aa71ff27fc2769a1b78a27578f13a17b -> 
  custom:container-demuxer-webm: 4f35f7cbe854078d1ac9338744f61a02 -> 
  custom:container-demuxer-ogg: 62fdf1f143b41e24485cea50d1cbac27 -> 
  custom:video-encoder-webm-vp8: eb34c28f22e8b96e1ab97ce403110664 -> 
  custom:framework-osx-AVFoundation: e770b220cccbd017edd2c1fefb359320 -> 
  custom:video-decoder-webm-vp8: 9c59270c3fd7afecdb556c50c9e8de78 -> 
  custom:graphics/normal-map-encoding: 01000000000000000000000000000000 -> 02000000000000000000000000000000
  custom:audio-decoder-ogg-vorbis: bf7c407c2cedff20999df2af8eb42d56 -> 
  custom:audio-encoder-webm-vorbis: bf7c407c2cedff20999df2af8eb42d56 -> 
========================================================================
Received Import Request.
  Time since last request: 267.271248 seconds.
  path: Assets/Prefabs/bAImage.prefab
  artifactKey: Guid(50ec59597f7844741afeb4b6cfc44d74) Importer(815301076,1909f56bfc062723c751e8b465ee728b)
Start importing Assets/Prefabs/bAImage.prefab using Guid(50ec59597f7844741afeb4b6cfc44d74) Importer(815301076,1909f56bfc062723c751e8b465ee728b)  -> (artifact id: '72de0a33a391432ed532f12de4dc4087') in 1.961867 seconds 
  Import took 1.973305 seconds .

========================================================================
Received Import Request.
  Time since last request: 0.005552 seconds.
  path: Assets/Prefabs/bAImage.prefab
  artifactKey: Guid(50ec59597f7844741afeb4b6cfc44d74) Importer(815301076,1909f56bfc062723c751e8b465ee728b)
Start importing Assets/Prefabs/bAImage.prefab using Guid(50ec59597f7844741afeb4b6cfc44d74) Importer(815301076,1909f56bfc062723c751e8b465ee728b)  -> (artifact id: '72de0a33a391432ed532f12de4dc4087') in 0.022575 seconds 
  Import took 0.032395 seconds .

========================================================================
Received Import Request.
  Time since last request: 23.823971 seconds.
  path: Assets/Prefabs/bIImage.prefab
  artifactKey: Guid(5db9d8b2b825e416dbcaffffa19440e8) Importer(815301076,1909f56bfc062723c751e8b465ee728b)
Start importing Assets/Prefabs/bIImage.prefab using Guid(5db9d8b2b825e416dbcaffffa19440e8) Importer(815301076,1909f56bfc062723c751e8b465ee728b)  -> (artifact id: '0a2ce63d00b889806671f722d4cdb46a') in 0.022345 seconds 
  Import took 0.034654 seconds .

========================================================================
Received Import Request.
  Time since last request: 8.428768 seconds.
  path: Assets/Prefabs/bOImage.prefab
  artifactKey: Guid(5d036ea7753154190a0624b2b8bccd1c) Importer(815301076,1909f56bfc062723c751e8b465ee728b)
Start importing Assets/Prefabs/bOImage.prefab using Guid(5d036ea7753154190a0624b2b8bccd1c) Importer(815301076,1909f56bfc062723c751e8b465ee728b)  -> (artifact id: 'd45a61649cbccaa04519ac3653d9fd5d') in 0.025000 seconds 
  Import took 0.047775 seconds .

========================================================================
Received Import Request.
  Time since last request: 9.257350 seconds.
  path: Assets/Prefabs/bUImage.prefab
  artifactKey: Guid(41a96646f22444ef49e220d5e6f31a00) Importer(815301076,1909f56bfc062723c751e8b465ee728b)
Start importing Assets/Prefabs/bUImage.prefab using Guid(41a96646f22444ef49e220d5e6f31a00) Importer(815301076,1909f56bfc062723c751e8b465ee728b)  -> (artifact id: '6ef95efbf9ef21b549436d4900ac95df') in 0.024104 seconds 
  Import took 0.034169 seconds .

========================================================================
Received Import Request.
  Time since last request: 1.828164 seconds.
  path: Assets/Prefabs/bOImage.prefab
  artifactKey: Guid(5d036ea7753154190a0624b2b8bccd1c) Importer(815301076,1909f56bfc062723c751e8b465ee728b)
Start importing Assets/Prefabs/bOImage.prefab using Guid(5d036ea7753154190a0624b2b8bccd1c) Importer(815301076,1909f56bfc062723c751e8b465ee728b)  -> (artifact id: 'e7229718259ab5c7b72b1a015bdfeb19') in 0.027691 seconds 
  Import took 0.047448 seconds .

========================================================================
Received Prepare
Refreshing native plugins compatible for Editor in 306.74 ms, found 3 plugins.
Preloading 0 native plugins for Editor in 0.00 ms.
Unloading 105 Unused Serialized files (Serialized files now loaded: 0)
System memory in use before: 208.2 MB.
System memory in use after: 208.4 MB.

Unloading 106 unused Assets to reduce memory usage. Loaded Objects now: 3617.
Total: 22.501348 ms (FindLiveObjects: 1.106131 ms CreateObjectMapping: 0.152074 ms MarkObjects: 21.129838 ms  DeleteObjects: 0.112254 ms)

AssetImportParameters requested are different than current active one (requested -> active):
  custom:video-decoder-ogg-theora: a1e56fd34408186e4bbccfd4996cb3dc -> 
  custom:container-muxer-webm: aa71ff27fc2769a1b78a27578f13a17b -> 
  custom:container-demuxer-webm: 4f35f7cbe854078d1ac9338744f61a02 -> 
  custom:container-demuxer-ogg: 62fdf1f143b41e24485cea50d1cbac27 -> 
  custom:video-encoder-webm-vp8: eb34c28f22e8b96e1ab97ce403110664 -> 
  custom:framework-osx-AVFoundation: e770b220cccbd017edd2c1fefb359320 -> 
  custom:video-decoder-webm-vp8: 9c59270c3fd7afecdb556c50c9e8de78 -> 
  custom:audio-decoder-ogg-vorbis: bf7c407c2cedff20999df2af8eb42d56 -> 
  custom:audio-encoder-webm-vorbis: bf7c407c2cedff20999df2af8eb42d56 -> 
========================================================================
Received Import Request.
  Time since last request: 1291.770274 seconds.
  path: Assets/Scripts/TikaraQues.cs
  artifactKey: Guid(a33814a2898674e818c63f40302189d6) Importer(815301076,1909f56bfc062723c751e8b465ee728b)
Start importing Assets/Scripts/TikaraQues.cs using Guid(a33814a2898674e818c63f40302189d6) Importer(815301076,1909f56bfc062723c751e8b465ee728b)  -> (artifact id: 'd1ccc6c6a5f2a09e84447888830dec9b') in 0.021572 seconds 
  Import took 0.100529 seconds .

========================================================================
Received Import Request.
  Time since last request: 6.422996 seconds.
  path: Assets/Scripts/TiTypingManager.cs
  artifactKey: Guid(9b654930337684a86b37c53508b56955) Importer(815301076,1909f56bfc062723c751e8b465ee728b)
Start importing Assets/Scripts/TiTypingManager.cs using Guid(9b654930337684a86b37c53508b56955) Importer(815301076,1909f56bfc062723c751e8b465ee728b)  -> (artifact id: '75844d1cade058bece4bee581d0d7f69') in 0.011198 seconds 
  Import took 0.029095 seconds .

========================================================================
Received Import Request.
  Time since last request: 2.923726 seconds.
  path: Assets/Scripts/TiSettingManager.cs
  artifactKey: Guid(05b017b11fd314163aa23ebc16bd2abe) Importer(815301076,1909f56bfc062723c751e8b465ee728b)
Start importing Assets/Scripts/TiSettingManager.cs using Guid(05b017b11fd314163aa23ebc16bd2abe) Importer(815301076,1909f56bfc062723c751e8b465ee728b)  -> (artifact id: 'd287deb308701a4574e2ca9abc6865f1') in 0.005797 seconds 
  Import took 0.016889 seconds .

========================================================================
Received Import Request.
  Time since last request: 14.329885 seconds.
  path: Assets/Scenes/TikaraScene.unity
  artifactKey: Guid(b47ff60850e124b2982ce5df80519e45) Importer(815301076,1909f56bfc062723c751e8b465ee728b)
Start importing Assets/Scenes/TikaraScene.unity using Guid(b47ff60850e124b2982ce5df80519e45) Importer(815301076,1909f56bfc062723c751e8b465ee728b)  -> (artifact id: 'eaed13958e50a92d1c8e987ae3f46799') in 0.027585 seconds 
  Import took 0.045802 seconds .

========================================================================
Received Prepare
Registering precompiled user dll's ...
Registered in 0.014867 seconds.
Begin MonoManager ReloadAssembly
Native extension for OSXStandalone target not found
Refreshing native plugins compatible for Editor in 2.00 ms, found 3 plugins.
Preloading 0 native plugins for Editor in 0.00 ms.
2022-07-14 06:33:18.457 Unity[2517:27538] NSEventModifierFlagFunction specified to -setKeyEquivalentModifierMask: for item <NSMenuItem: 0x600002615dc0 Font Asset, ke='Command-F12'>, but is only supported for system-provided menu items; will not be used
Mono: successfully reloaded assembly
- Completed reload, in  2.508 seconds
Domain Reload Profiling:
	ReloadAssembly (2512ms)
		BeginReloadAssembly (560ms)
			ExecutionOrderSort (0ms)
			DisableScriptedObjects (21ms)
			BackupInstance (0ms)
			ReleaseScriptingObjects (0ms)
			CreateAndSetChildDomain (269ms)
		EndReloadAssembly (1842ms)
			LoadAssemblies (419ms)
			RebuildTransferFunctionScriptingTraits (0ms)
			SetupTypeCache (621ms)
			ReleaseScriptCaches (2ms)
			RebuildScriptCaches (80ms)
			SetupLoadedEditorAssemblies (627ms)
				LogAssemblyErrors (0ms)
				InitializePlatformSupportModulesInManaged (6ms)
				SetLoadedEditorAssemblies (1ms)
				RefreshPlugins (2ms)
				BeforeProcessingInitializeOnLoad (192ms)
				ProcessInitializeOnLoadAttributes (407ms)
				ProcessInitializeOnLoadMethodAttributes (18ms)
				AfterProcessingInitializeOnLoad (1ms)
				EditorAssembliesLoaded (0ms)
			ExecutionOrderSort2 (0ms)
			AwakeInstancesAfterBackupRestoration (23ms)
Platform modules already initialized, skipping
Switching build target platform(2) subTarget(0) extendedPlatform(0) -> platform(13) subTarget(537395200) extendedPlatform(0)
Refreshing native plugins compatible for Editor in 2.04 ms, found 3 plugins.
Preloading 0 native plugins for Editor in 0.00 ms.
Unloading 3053 Unused Serialized files (Serialized files now loaded: 0)
System memory in use before: 265.3 MB.
System memory in use after: 265.5 MB.

Unloading 107 unused Assets to reduce memory usage. Loaded Objects now: 3630.
Total: 6.522929 ms (FindLiveObjects: 0.489225 ms CreateObjectMapping: 0.260867 ms MarkObjects: 5.696815 ms  DeleteObjects: 0.074577 ms)

AssetImportParameters requested are different than current active one (requested -> active):
  custom:video-decoder-ogg-theora: a1e56fd34408186e4bbccfd4996cb3dc -> 
  custom:container-muxer-webm: aa71ff27fc2769a1b78a27578f13a17b -> 
  custom:container-demuxer-webm: 4f35f7cbe854078d1ac9338744f61a02 -> 
  custom:container-demuxer-ogg: 62fdf1f143b41e24485cea50d1cbac27 -> 
  custom:video-encoder-webm-vp8: eb34c28f22e8b96e1ab97ce403110664 -> 
  custom:framework-osx-AVFoundation: e770b220cccbd017edd2c1fefb359320 -> 
  custom:video-decoder-webm-vp8: 9c59270c3fd7afecdb556c50c9e8de78 -> 
  custom:graphics/normal-map-encoding: 01000000000000000000000000000000 -> 02000000000000000000000000000000
  custom:audio-decoder-ogg-vorbis: bf7c407c2cedff20999df2af8eb42d56 -> 
  custom:audio-encoder-webm-vorbis: bf7c407c2cedff20999df2af8eb42d56 -> 
========================================================================
Received Prepare
Registering precompiled user dll's ...
Registered in 0.018599 seconds.
Begin MonoManager ReloadAssembly
Native extension for OSXStandalone target not found
Refreshing native plugins compatible for Editor in 1.97 ms, found 3 plugins.
Preloading 0 native plugins for Editor in 0.00 ms.
2022-07-14 06:34:53.695 Unity[2517:27538] NSEventModifierFlagFunction specified to -setKeyEquivalentModifierMask: for item <NSMenuItem: 0x600002674b60 Font Asset, ke='Command-F12'>, but is only supported for system-provided menu items; will not be used
Mono: successfully reloaded assembly
- Completed reload, in  2.669 seconds
Domain Reload Profiling:
	ReloadAssembly (2670ms)
		BeginReloadAssembly (209ms)
			ExecutionOrderSort (0ms)
			DisableScriptedObjects (12ms)
			BackupInstance (0ms)
			ReleaseScriptingObjects (0ms)
			CreateAndSetChildDomain (96ms)
		EndReloadAssembly (2375ms)
			LoadAssemblies (208ms)
			RebuildTransferFunctionScriptingTraits (0ms)
			SetupTypeCache (614ms)
			ReleaseScriptCaches (2ms)
			RebuildScriptCaches (93ms)
			SetupLoadedEditorAssemblies (1045ms)
				LogAssemblyErrors (0ms)
				InitializePlatformSupportModulesInManaged (6ms)
				SetLoadedEditorAssemblies (1ms)
				RefreshPlugins (2ms)
				BeforeProcessingInitializeOnLoad (193ms)
				ProcessInitializeOnLoadAttributes (812ms)
				ProcessInitializeOnLoadMethodAttributes (30ms)
				AfterProcessingInitializeOnLoad (1ms)
				EditorAssembliesLoaded (0ms)
			ExecutionOrderSort2 (0ms)
			AwakeInstancesAfterBackupRestoration (88ms)
Platform modules already initialized, skipping
Switching build target platform(2) subTarget(0) extendedPlatform(0) -> platform(13) subTarget(537395200) extendedPlatform(0)
Refreshing native plugins compatible for Editor in 2.10 ms, found 3 plugins.
Preloading 0 native plugins for Editor in 0.00 ms.
Unloading 3053 Unused Serialized files (Serialized files now loaded: 0)
System memory in use before: 265.5 MB.
System memory in use after: 265.8 MB.

Unloading 107 unused Assets to reduce memory usage. Loaded Objects now: 3643.
Total: 4.628800 ms (FindLiveObjects: 0.334885 ms CreateObjectMapping: 0.129543 ms MarkObjects: 4.113131 ms  DeleteObjects: 0.049992 ms)

AssetImportParameters requested are different than current active one (requested -> active):
  custom:video-decoder-ogg-theora: a1e56fd34408186e4bbccfd4996cb3dc -> 
  custom:container-muxer-webm: aa71ff27fc2769a1b78a27578f13a17b -> 
  custom:container-demuxer-webm: 4f35f7cbe854078d1ac9338744f61a02 -> 
  custom:container-demuxer-ogg: 62fdf1f143b41e24485cea50d1cbac27 -> 
  custom:video-encoder-webm-vp8: eb34c28f22e8b96e1ab97ce403110664 -> 
  custom:framework-osx-AVFoundation: e770b220cccbd017edd2c1fefb359320 -> 
  custom:video-decoder-webm-vp8: 9c59270c3fd7afecdb556c50c9e8de78 -> 
  custom:graphics/normal-map-encoding: 01000000000000000000000000000000 -> 02000000000000000000000000000000
  custom:audio-decoder-ogg-vorbis: bf7c407c2cedff20999df2af8eb42d56 -> 
  custom:audio-encoder-webm-vorbis: bf7c407c2cedff20999df2af8eb42d56 -> 
========================================================================
Received Import Request.
  Time since last request: 305.371979 seconds.
  path: Assets/Scripts/QuesManager.cs
  artifactKey: Guid(3621b14ae8d4644aabb1fa21b1c81eb0) Importer(815301076,1909f56bfc062723c751e8b465ee728b)
Start importing Assets/Scripts/QuesManager.cs using Guid(3621b14ae8d4644aabb1fa21b1c81eb0) Importer(815301076,1909f56bfc062723c751e8b465ee728b)  -> (artifact id: 'a875be5a43f0898487ef67527522ca5d') in 0.007170 seconds 
  Import took 0.014839 seconds .

========================================================================
Received Prepare
Registering precompiled user dll's ...
Registered in 0.018464 seconds.
Begin MonoManager ReloadAssembly
Native extension for OSXStandalone target not found
Refreshing native plugins compatible for Editor in 2.10 ms, found 3 plugins.
Preloading 0 native plugins for Editor in 0.00 ms.
2022-07-14 06:36:38.655 Unity[2517:27538] NSEventModifierFlagFunction specified to -setKeyEquivalentModifierMask: for item <NSMenuItem: 0x600002619d50 Font Asset, ke='Command-F12'>, but is only supported for system-provided menu items; will not be used
Mono: successfully reloaded assembly
- Completed reload, in  2.208 seconds
Domain Reload Profiling:
	ReloadAssembly (2210ms)
		BeginReloadAssembly (188ms)
			ExecutionOrderSort (0ms)
			DisableScriptedObjects (11ms)
			BackupInstance (0ms)
			ReleaseScriptingObjects (0ms)
			CreateAndSetChildDomain (82ms)
		EndReloadAssembly (1928ms)
			LoadAssemblies (168ms)
			RebuildTransferFunctionScriptingTraits (0ms)
			SetupTypeCache (608ms)
			ReleaseScriptCaches (1ms)
			RebuildScriptCaches (83ms)
			SetupLoadedEditorAssemblies (739ms)
				LogAssemblyErrors (0ms)
				InitializePlatformSupportModulesInManaged (9ms)
				SetLoadedEditorAssemblies (1ms)
				RefreshPlugins (2ms)
				BeforeProcessingInitializeOnLoad (208ms)
				ProcessInitializeOnLoadAttributes (493ms)
				ProcessInitializeOnLoadMethodAttributes (23ms)
				AfterProcessingInitializeOnLoad (2ms)
				EditorAssembliesLoaded (0ms)
			ExecutionOrderSort2 (0ms)
			AwakeInstancesAfterBackupRestoration (34ms)
Platform modules already initialized, skipping
Switching build target platform(2) subTarget(0) extendedPlatform(0) -> platform(13) subTarget(537395200) extendedPlatform(0)
Refreshing native plugins compatible for Editor in 2.80 ms, found 3 plugins.
Preloading 0 native plugins for Editor in 0.00 ms.
Unloading 3053 Unused Serialized files (Serialized files now loaded: 0)
System memory in use before: 265.8 MB.
System memory in use after: 266.0 MB.

Unloading 107 unused Assets to reduce memory usage. Loaded Objects now: 3656.
Total: 5.721856 ms (FindLiveObjects: 0.352487 ms CreateObjectMapping: 0.133439 ms MarkObjects: 5.153838 ms  DeleteObjects: 0.080762 ms)

AssetImportParameters requested are different than current active one (requested -> active):
  custom:video-decoder-ogg-theora: a1e56fd34408186e4bbccfd4996cb3dc -> 
  custom:container-muxer-webm: aa71ff27fc2769a1b78a27578f13a17b -> 
  custom:container-demuxer-webm: 4f35f7cbe854078d1ac9338744f61a02 -> 
  custom:container-demuxer-ogg: 62fdf1f143b41e24485cea50d1cbac27 -> 
  custom:video-encoder-webm-vp8: eb34c28f22e8b96e1ab97ce403110664 -> 
  custom:framework-osx-AVFoundation: e770b220cccbd017edd2c1fefb359320 -> 
  custom:video-decoder-webm-vp8: 9c59270c3fd7afecdb556c50c9e8de78 -> 
  custom:graphics/normal-map-encoding: 01000000000000000000000000000000 -> 02000000000000000000000000000000
  custom:audio-decoder-ogg-vorbis: bf7c407c2cedff20999df2af8eb42d56 -> 
  custom:audio-encoder-webm-vorbis: bf7c407c2cedff20999df2af8eb42d56 -> 
AssetImportWorkerClient::OnTransportError - code=2 error=End of file
