Unity Editor version:    2020.3.22f1 (e1a7f79fd887)
Branch:                  2020.3/staging
Build type:              Release
Batch mode:              YES
macOS version:           Version 12.3 (Build 21E230)
Darwin version:          21.4.0
Architecture:            x86_64
Running under Rosetta:   NO
Available memory:        8192 MB
Using pre-set license
Pro License: NO

COMMAND LINE ARGUMENTS:
/Applications/Unity/Hub/Editor/2020.3.22f1/Unity.app/Contents/MacOS/Unity
-adb2
-batchMode
-noUpm
-name
AssetImportWorker6
-projectPath
/Users/takayamarie/RomaJiYomi
-logFile
Logs/AssetImportWorker6.log
-srvPort
49376
Successfully changed project path to: /Users/takayamarie/RomaJiYomi
/Users/takayamarie/RomaJiYomi
Using Asset Import Pipeline V2.
Refreshing native plugins compatible for Editor in 170.04 ms, found 3 plugins.
Preloading 0 native plugins for Editor in 0.00 ms.
Initialize engine version: 2020.3.22f1 (e1a7f79fd887)
[Subsystems] Discovering subsystems at path /Applications/Unity/Hub/Editor/2020.3.22f1/Unity.app/Contents/Resources/UnitySubsystems
[Subsystems] Discovering subsystems at path /Users/takayamarie/RomaJiYomi/Assets
GfxDevice: creating device client; threaded=0
2022-04-02 16:02:11.227 Unity[2271:21115] Color LCD preferred device: Intel(R) Iris(TM) Graphics 6100 (low power)
2022-04-02 16:02:11.227 Unity[2271:21115] Metal devices available: 1
2022-04-02 16:02:11.227 Unity[2271:21115] 0: Intel(R) Iris(TM) Graphics 6100 (low power)
2022-04-02 16:02:11.227 Unity[2271:21115] Using device Intel(R) Iris(TM) Graphics 6100 (low power)
Initializing Metal device caps: Intel(R) Iris(TM) Graphics 6100
Initialize mono
Mono path[0] = '/Applications/Unity/Hub/Editor/2020.3.22f1/Unity.app/Contents/Managed'
Mono path[1] = '/Applications/Unity/Hub/Editor/2020.3.22f1/Unity.app/Contents/MonoBleedingEdge/lib/mono/unityjit'
Mono config path = '/Applications/Unity/Hub/Editor/2020.3.22f1/Unity.app/Contents/MonoBleedingEdge/etc'
Using monoOptions --debugger-agent=transport=dt_socket,embedding=1,server=y,suspend=n,address=127.0.0.1:56271
Begin MonoManager ReloadAssembly
Registering precompiled unity dll's ...
Register platform support module: /Applications/Unity/Hub/Editor/2020.3.22f1/Unity.app/Contents/PlaybackEngines/MacStandaloneSupport/UnityEditor.OSXStandalone.Extensions.dll
Registered in 0.000673 seconds.
Native extension for OSXStandalone target not found
Refreshing native plugins compatible for Editor in 141.17 ms, found 3 plugins.
Preloading 0 native plugins for Editor in 0.00 ms.
Mono: successfully reloaded assembly
- Completed reload, in  4.502 seconds
Domain Reload Profiling:
	ReloadAssembly (4502ms)
		BeginReloadAssembly (86ms)
			ExecutionOrderSort (0ms)
			DisableScriptedObjects (0ms)
			BackupInstance (0ms)
			ReleaseScriptingObjects (0ms)
			CreateAndSetChildDomain (1ms)
		EndReloadAssembly (726ms)
			LoadAssemblies (86ms)
			RebuildTransferFunctionScriptingTraits (0ms)
			SetupTypeCache (229ms)
			ReleaseScriptCaches (0ms)
			RebuildScriptCaches (50ms)
			SetupLoadedEditorAssemblies (331ms)
				LogAssemblyErrors (0ms)
				InitializePlatformSupportModulesInManaged (5ms)
				SetLoadedEditorAssemblies (0ms)
				RefreshPlugins (141ms)
				BeforeProcessingInitializeOnLoad (13ms)
				ProcessInitializeOnLoadAttributes (132ms)
				ProcessInitializeOnLoadMethodAttributes (40ms)
				AfterProcessingInitializeOnLoad (0ms)
				EditorAssembliesLoaded (0ms)
			ExecutionOrderSort2 (0ms)
			AwakeInstancesAfterBackupRestoration (0ms)
Platform modules already initialized, skipping
Registering precompiled user dll's ...
Registered in 0.011289 seconds.
Begin MonoManager ReloadAssembly
Native extension for OSXStandalone target not found
Refreshing native plugins compatible for Editor in 144.23 ms, found 3 plugins.
Preloading 0 native plugins for Editor in 0.00 ms.
WARNING: RGBA Compressed PVRTC 4BPP UNorm format is not supported, decompressing texture
Mono: successfully reloaded assembly
- Completed reload, in  2.014 seconds
Domain Reload Profiling:
	ReloadAssembly (2050ms)
		BeginReloadAssembly (223ms)
			ExecutionOrderSort (0ms)
			DisableScriptedObjects (6ms)
			BackupInstance (0ms)
			ReleaseScriptingObjects (0ms)
			CreateAndSetChildDomain (30ms)
		EndReloadAssembly (1744ms)
			LoadAssemblies (136ms)
			RebuildTransferFunctionScriptingTraits (0ms)
			SetupTypeCache (543ms)
			ReleaseScriptCaches (1ms)
			RebuildScriptCaches (108ms)
			SetupLoadedEditorAssemblies (737ms)
				LogAssemblyErrors (0ms)
				InitializePlatformSupportModulesInManaged (6ms)
				SetLoadedEditorAssemblies (0ms)
				RefreshPlugins (144ms)
				BeforeProcessingInitializeOnLoad (111ms)
				ProcessInitializeOnLoadAttributes (375ms)
				ProcessInitializeOnLoadMethodAttributes (100ms)
				AfterProcessingInitializeOnLoad (1ms)
				EditorAssembliesLoaded (1ms)
			ExecutionOrderSort2 (0ms)
			AwakeInstancesAfterBackupRestoration (9ms)
Platform modules already initialized, skipping
Validating Project structure ... 0.098906 seconds.
Shader import version has changed; will reimport all shaders...
Upgrading shader files ...0.853209 seconds.
Application.AssetDatabase Initial Script Refresh Start
RefreshInfo: InitialScriptRefreshV2(NoUpdateAssetOptions) scanfilter:  ... 1 filters
RefreshProfiler: Total: 0.000ms
Application.AssetDatabase Initial Script Refresh End
Application.AssetDatabase.Refresh Start
Application.AssetDatabase.Refresh End
RefreshInfo: StopAssetImportingV2(ForceSynchronousImport) scanfilter: 
RefreshProfiler: Total: 0.000ms
WARNING: RGBA Compressed PVRTC 4BPP UNorm format is not supported, decompressing texture
Launching external process: /Applications/Unity/Hub/Editor/2020.3.22f1/Unity.app/Contents/Tools/UnityShaderCompiler
Launched and connected shader compiler UnityShaderCompiler after 0.25 seconds
Initializing Unity extensions:
2022-04-02 16:02:22.527 Unity[2271:21115] NSEventModifierFlagFunction specified to -setKeyEquivalentModifierMask: for item <NSMenuItem: 0x6000027253b0 Font Asset, ke='Command-F12'>, but is only supported for system-provided menu items; will not be used
2022-04-02 16:02:22.534 Unity[2271:21115] NSEventModifierFlagFunction specified to -setKeyEquivalentModifierMask: for item <NSMenuItem: 0x600002744d20 Font Asset, ke='Command-F12'>, but is only supported for system-provided menu items; will not be used
========================================================================
Worker process is ready to serve import requests
Refreshing native plugins compatible for Editor in 1.38 ms, found 3 plugins.
Preloading 0 native plugins for Editor in 0.00 ms.
Unloading 2832 Unused Serialized files (Serialized files now loaded: 0)
System memory in use before: 254.0 MB.
System memory in use after: 251.9 MB.

Unloading 284 unused Assets to reduce memory usage. Loaded Objects now: 3305.
Total: 10.248085 ms (FindLiveObjects: 0.842165 ms CreateObjectMapping: 0.280121 ms MarkObjects: 8.038367 ms  DeleteObjects: 1.085262 ms)

AssetImportParameters requested are different than current active one (requested -> active):
  custom:video-decoder-ogg-theora: a1e56fd34408186e4bbccfd4996cb3dc -> 
  custom:container-muxer-webm: aa71ff27fc2769a1b78a27578f13a17b -> 
  custom:container-demuxer-webm: 4f35f7cbe854078d1ac9338744f61a02 -> 
  custom:container-demuxer-ogg: 62fdf1f143b41e24485cea50d1cbac27 -> 
  custom:video-encoder-webm-vp8: eb34c28f22e8b96e1ab97ce403110664 -> 
  custom:framework-osx-AVFoundation: e770b220cccbd017edd2c1fefb359320 -> 
  custom:video-decoder-webm-vp8: 9c59270c3fd7afecdb556c50c9e8de78 -> 
  custom:audio-decoder-ogg-vorbis: bf7c407c2cedff20999df2af8eb42d56 -> 
  custom:audio-encoder-webm-vorbis: bf7c407c2cedff20999df2af8eb42d56 -> 
========================================================================
Received Import Request.
  path: Assets/Prefabs/bAImage.prefab
  artifactKey: Guid(50ec59597f7844741afeb4b6cfc44d74) Importer(815301076,1909f56bfc062723c751e8b465ee728b)
Start importing Assets/Prefabs/bAImage.prefab using Guid(50ec59597f7844741afeb4b6cfc44d74) Importer(815301076,1909f56bfc062723c751e8b465ee728b)  -> (artifact id: '59c5eeb2db8e980372985a1a5b5be091') in 1.990486 seconds 
  Import took 1.997552 seconds .

========================================================================
Received Import Request.
  Time since last request: 103.871105 seconds.
  path: Assets/Prefabs/bEImage.prefab
  artifactKey: Guid(60de6e8c067ed4a4cad7df5e722af289) Importer(815301076,1909f56bfc062723c751e8b465ee728b)
Start importing Assets/Prefabs/bEImage.prefab using Guid(60de6e8c067ed4a4cad7df5e722af289) Importer(815301076,1909f56bfc062723c751e8b465ee728b)  -> (artifact id: '28ed6949fa994c700b3fd5cc46a040e6') in 0.049291 seconds 
  Import took 0.063667 seconds .

========================================================================
Received Import Request.
  Time since last request: 1.476849 seconds.
  path: Assets/Prefabs/bEImage.prefab
  artifactKey: Guid(60de6e8c067ed4a4cad7df5e722af289) Importer(815301076,1909f56bfc062723c751e8b465ee728b)
Start importing Assets/Prefabs/bEImage.prefab using Guid(60de6e8c067ed4a4cad7df5e722af289) Importer(815301076,1909f56bfc062723c751e8b465ee728b)  -> (artifact id: 'dc83d3c161bb0950fb2b6d12af451d9b') in 0.032830 seconds 
  Import took 0.046804 seconds .

========================================================================
Received Import Request.
  Time since last request: 9.957625 seconds.
  path: Assets/Prefabs/bEImage.prefab
  artifactKey: Guid(60de6e8c067ed4a4cad7df5e722af289) Importer(815301076,1909f56bfc062723c751e8b465ee728b)
Start importing Assets/Prefabs/bEImage.prefab using Guid(60de6e8c067ed4a4cad7df5e722af289) Importer(815301076,1909f56bfc062723c751e8b465ee728b)  -> (artifact id: '99ad0869dce56cae33229c5825bc7505') in 0.035328 seconds 
  Import took 0.047298 seconds .

========================================================================
Received Import Request.
  Time since last request: 1.758426 seconds.
  path: Assets/Prefabs/bEImage.prefab
  artifactKey: Guid(60de6e8c067ed4a4cad7df5e722af289) Importer(815301076,1909f56bfc062723c751e8b465ee728b)
Start importing Assets/Prefabs/bEImage.prefab using Guid(60de6e8c067ed4a4cad7df5e722af289) Importer(815301076,1909f56bfc062723c751e8b465ee728b)  -> (artifact id: 'b813222a6389d26c74515bbde7744d69') in 0.025340 seconds 
  Import took 0.032642 seconds .

========================================================================
Received Import Request.
  Time since last request: 1.839556 seconds.
  path: Assets/Prefabs/bEImage.prefab
  artifactKey: Guid(60de6e8c067ed4a4cad7df5e722af289) Importer(815301076,1909f56bfc062723c751e8b465ee728b)
Start importing Assets/Prefabs/bEImage.prefab using Guid(60de6e8c067ed4a4cad7df5e722af289) Importer(815301076,1909f56bfc062723c751e8b465ee728b)  -> (artifact id: 'e46824b36aa93b40eb56941797b2c1d4') in 0.033193 seconds 
  Import took 0.045552 seconds .

========================================================================
Received Import Request.
  Time since last request: 1.619018 seconds.
  path: Assets/Prefabs/bEImage.prefab
  artifactKey: Guid(60de6e8c067ed4a4cad7df5e722af289) Importer(815301076,1909f56bfc062723c751e8b465ee728b)
Start importing Assets/Prefabs/bEImage.prefab using Guid(60de6e8c067ed4a4cad7df5e722af289) Importer(815301076,1909f56bfc062723c751e8b465ee728b)  -> (artifact id: '49e023a473edb971c3fe50b6a68261b8') in 0.038849 seconds 
  Import took 0.052998 seconds .

========================================================================
Received Import Request.
  Time since last request: 9.186802 seconds.
  path: Assets/Prefabs/bEImage.prefab
  artifactKey: Guid(60de6e8c067ed4a4cad7df5e722af289) Importer(815301076,1909f56bfc062723c751e8b465ee728b)
Start importing Assets/Prefabs/bEImage.prefab using Guid(60de6e8c067ed4a4cad7df5e722af289) Importer(815301076,1909f56bfc062723c751e8b465ee728b)  -> (artifact id: '34ed0c3c9600b2be60a21c6b1c3b7cb0') in 0.026845 seconds 
  Import took 0.039482 seconds .

========================================================================
Received Import Request.
  Time since last request: 7.182307 seconds.
  path: Assets/Prefabs/bIImage.prefab
  artifactKey: Guid(5db9d8b2b825e416dbcaffffa19440e8) Importer(815301076,1909f56bfc062723c751e8b465ee728b)
Start importing Assets/Prefabs/bIImage.prefab using Guid(5db9d8b2b825e416dbcaffffa19440e8) Importer(815301076,1909f56bfc062723c751e8b465ee728b)  -> (artifact id: 'e6b16b8111471ec80ff4ee892b801a49') in 0.020245 seconds 
  Import took 0.029031 seconds .

========================================================================
Received Import Request.
  Time since last request: 3.051668 seconds.
  path: Assets/Prefabs/bIImage.prefab
  artifactKey: Guid(5db9d8b2b825e416dbcaffffa19440e8) Importer(815301076,1909f56bfc062723c751e8b465ee728b)
Start importing Assets/Prefabs/bIImage.prefab using Guid(5db9d8b2b825e416dbcaffffa19440e8) Importer(815301076,1909f56bfc062723c751e8b465ee728b)  -> (artifact id: '88b22bb3e58123d8969d269385e2ede8') in 0.024283 seconds 
  Import took 0.036097 seconds .

========================================================================
Received Import Request.
  Time since last request: 5.896989 seconds.
  path: Assets/Prefabs/bIImage.prefab
  artifactKey: Guid(5db9d8b2b825e416dbcaffffa19440e8) Importer(815301076,1909f56bfc062723c751e8b465ee728b)
Start importing Assets/Prefabs/bIImage.prefab using Guid(5db9d8b2b825e416dbcaffffa19440e8) Importer(815301076,1909f56bfc062723c751e8b465ee728b)  -> (artifact id: '2c9a3e0dcdfe3e693745972950fc8f64') in 0.028252 seconds 
  Import took 0.041240 seconds .

========================================================================
Received Import Request.
  Time since last request: 6.698498 seconds.
  path: Assets/Prefabs/bIImage.prefab
  artifactKey: Guid(5db9d8b2b825e416dbcaffffa19440e8) Importer(815301076,1909f56bfc062723c751e8b465ee728b)
Start importing Assets/Prefabs/bIImage.prefab using Guid(5db9d8b2b825e416dbcaffffa19440e8) Importer(815301076,1909f56bfc062723c751e8b465ee728b)  -> (artifact id: 'f6f4d0ab0773ec3059c724310aca2384') in 0.022956 seconds 
  Import took 0.034944 seconds .

========================================================================
Received Import Request.
  Time since last request: 2.789970 seconds.
  path: Assets/Prefabs/bIImage.prefab
  artifactKey: Guid(5db9d8b2b825e416dbcaffffa19440e8) Importer(815301076,1909f56bfc062723c751e8b465ee728b)
Start importing Assets/Prefabs/bIImage.prefab using Guid(5db9d8b2b825e416dbcaffffa19440e8) Importer(815301076,1909f56bfc062723c751e8b465ee728b)  -> (artifact id: '5c4e3889b505cd5681f0c3b63ddbd274') in 0.026576 seconds 
  Import took 0.038091 seconds .

========================================================================
Received Import Request.
  Time since last request: 1.842650 seconds.
  path: Assets/Prefabs/bIImage.prefab
  artifactKey: Guid(5db9d8b2b825e416dbcaffffa19440e8) Importer(815301076,1909f56bfc062723c751e8b465ee728b)
Start importing Assets/Prefabs/bIImage.prefab using Guid(5db9d8b2b825e416dbcaffffa19440e8) Importer(815301076,1909f56bfc062723c751e8b465ee728b)  -> (artifact id: 'e1ce6b5b56bc5593a02524cbe0feca13') in 0.035407 seconds 
  Import took 0.050794 seconds .

========================================================================
Received Import Request.
  Time since last request: 1.987467 seconds.
  path: Assets/Prefabs/bIImage.prefab
  artifactKey: Guid(5db9d8b2b825e416dbcaffffa19440e8) Importer(815301076,1909f56bfc062723c751e8b465ee728b)
Start importing Assets/Prefabs/bIImage.prefab using Guid(5db9d8b2b825e416dbcaffffa19440e8) Importer(815301076,1909f56bfc062723c751e8b465ee728b)  -> (artifact id: '0449d2c489f83d889b9a68dd38c88bc0') in 0.039022 seconds 
  Import took 0.050346 seconds .

========================================================================
Received Import Request.
  Time since last request: 2.383389 seconds.
  path: Assets/Prefabs/bIImage.prefab
  artifactKey: Guid(5db9d8b2b825e416dbcaffffa19440e8) Importer(815301076,1909f56bfc062723c751e8b465ee728b)
Start importing Assets/Prefabs/bIImage.prefab using Guid(5db9d8b2b825e416dbcaffffa19440e8) Importer(815301076,1909f56bfc062723c751e8b465ee728b)  -> (artifact id: '2e48db60c2846f1f1b217bee5174e905') in 0.020371 seconds 
  Import took 0.029958 seconds .

========================================================================
Received Import Request.
  Time since last request: 10.049021 seconds.
  path: Assets/Prefabs/bOImage.prefab
  artifactKey: Guid(5d036ea7753154190a0624b2b8bccd1c) Importer(815301076,1909f56bfc062723c751e8b465ee728b)
Start importing Assets/Prefabs/bOImage.prefab using Guid(5d036ea7753154190a0624b2b8bccd1c) Importer(815301076,1909f56bfc062723c751e8b465ee728b)  -> (artifact id: '6000aae9e7a4264fe6b46d533ba69453') in 0.025752 seconds 
  Import took 0.032092 seconds .

========================================================================
Received Import Request.
  Time since last request: 1.363668 seconds.
  path: Assets/Prefabs/bOImage.prefab
  artifactKey: Guid(5d036ea7753154190a0624b2b8bccd1c) Importer(815301076,1909f56bfc062723c751e8b465ee728b)
Start importing Assets/Prefabs/bOImage.prefab using Guid(5d036ea7753154190a0624b2b8bccd1c) Importer(815301076,1909f56bfc062723c751e8b465ee728b)  -> (artifact id: 'c505e346f71a4f95e4ac576412754fac') in 0.020917 seconds 
  Import took 0.031397 seconds .

========================================================================
Received Import Request.
  Time since last request: 14.993977 seconds.
  path: Assets/Prefabs/bOImage.prefab
  artifactKey: Guid(5d036ea7753154190a0624b2b8bccd1c) Importer(815301076,1909f56bfc062723c751e8b465ee728b)
Start importing Assets/Prefabs/bOImage.prefab using Guid(5d036ea7753154190a0624b2b8bccd1c) Importer(815301076,1909f56bfc062723c751e8b465ee728b)  -> (artifact id: 'b3982ff84e945f65d6c340d97fc644d3') in 0.028479 seconds 
  Import took 0.041844 seconds .

========================================================================
Received Import Request.
  Time since last request: 19.056708 seconds.
  path: Assets/Prefabs/bOImage.prefab
  artifactKey: Guid(5d036ea7753154190a0624b2b8bccd1c) Importer(815301076,1909f56bfc062723c751e8b465ee728b)
Start importing Assets/Prefabs/bOImage.prefab using Guid(5d036ea7753154190a0624b2b8bccd1c) Importer(815301076,1909f56bfc062723c751e8b465ee728b)  -> (artifact id: '745e20aa8a85397b56676ab62cd42248') in 0.021207 seconds 
  Import took 0.030475 seconds .

========================================================================
Received Import Request.
  Time since last request: 6.964493 seconds.
  path: Assets/Prefabs/bUImage.prefab
  artifactKey: Guid(41a96646f22444ef49e220d5e6f31a00) Importer(815301076,1909f56bfc062723c751e8b465ee728b)
Start importing Assets/Prefabs/bUImage.prefab using Guid(41a96646f22444ef49e220d5e6f31a00) Importer(815301076,1909f56bfc062723c751e8b465ee728b)  -> (artifact id: '568da558d3958ca375c3e41baf10c603') in 0.024085 seconds 
  Import took 0.032704 seconds .

========================================================================
Received Import Request.
  Time since last request: 1.413954 seconds.
  path: Assets/Prefabs/bUImage.prefab
  artifactKey: Guid(41a96646f22444ef49e220d5e6f31a00) Importer(815301076,1909f56bfc062723c751e8b465ee728b)
Start importing Assets/Prefabs/bUImage.prefab using Guid(41a96646f22444ef49e220d5e6f31a00) Importer(815301076,1909f56bfc062723c751e8b465ee728b)  -> (artifact id: '3ddb5743d098fe122e84b13fca29b9b5') in 0.022774 seconds 
  Import took 0.033613 seconds .

========================================================================
Received Import Request.
  Time since last request: 12.734901 seconds.
  path: Assets/Prefabs/bUImage.prefab
  artifactKey: Guid(41a96646f22444ef49e220d5e6f31a00) Importer(815301076,1909f56bfc062723c751e8b465ee728b)
Start importing Assets/Prefabs/bUImage.prefab using Guid(41a96646f22444ef49e220d5e6f31a00) Importer(815301076,1909f56bfc062723c751e8b465ee728b)  -> (artifact id: '28c88c1ba3f0701ff974e297d29611e3') in 0.019214 seconds 
  Import took 0.034434 seconds .

========================================================================
Received Import Request.
  Time since last request: 2.731546 seconds.
  path: Assets/Prefabs/bUImage.prefab
  artifactKey: Guid(41a96646f22444ef49e220d5e6f31a00) Importer(815301076,1909f56bfc062723c751e8b465ee728b)
Start importing Assets/Prefabs/bUImage.prefab using Guid(41a96646f22444ef49e220d5e6f31a00) Importer(815301076,1909f56bfc062723c751e8b465ee728b)  -> (artifact id: '2ad6f10415fe5b502e6955915d6fea9f') in 0.030535 seconds 
  Import took 0.041547 seconds .

========================================================================
Received Import Request.
  Time since last request: 4.480594 seconds.
  path: Assets/Prefabs/bUImage.prefab
  artifactKey: Guid(41a96646f22444ef49e220d5e6f31a00) Importer(815301076,1909f56bfc062723c751e8b465ee728b)
Start importing Assets/Prefabs/bUImage.prefab using Guid(41a96646f22444ef49e220d5e6f31a00) Importer(815301076,1909f56bfc062723c751e8b465ee728b)  -> (artifact id: 'a84083cca71deae3d6d107a07233a637') in 0.027683 seconds 
  Import took 0.039353 seconds .

========================================================================
Received Import Request.
  Time since last request: 2.602755 seconds.
  path: Assets/Prefabs/bUImage.prefab
  artifactKey: Guid(41a96646f22444ef49e220d5e6f31a00) Importer(815301076,1909f56bfc062723c751e8b465ee728b)
Start importing Assets/Prefabs/bUImage.prefab using Guid(41a96646f22444ef49e220d5e6f31a00) Importer(815301076,1909f56bfc062723c751e8b465ee728b)  -> (artifact id: 'adb00191c6f8b1f0461fd74b324660a4') in 0.027252 seconds 
  Import took 0.041645 seconds .

========================================================================
Received Import Request.
  Time since last request: 2.648338 seconds.
  path: Assets/Prefabs/bUImage.prefab
  artifactKey: Guid(41a96646f22444ef49e220d5e6f31a00) Importer(815301076,1909f56bfc062723c751e8b465ee728b)
Start importing Assets/Prefabs/bUImage.prefab using Guid(41a96646f22444ef49e220d5e6f31a00) Importer(815301076,1909f56bfc062723c751e8b465ee728b)  -> (artifact id: 'c5e969126160ee1dd994fe936c37b506') in 0.027497 seconds 
  Import took 0.038012 seconds .

========================================================================
Received Import Request.
  Time since last request: 14.685907 seconds.
  path: Assets/Prefabs/bAImage.prefab
  artifactKey: Guid(50ec59597f7844741afeb4b6cfc44d74) Importer(815301076,1909f56bfc062723c751e8b465ee728b)
Start importing Assets/Prefabs/bAImage.prefab using Guid(50ec59597f7844741afeb4b6cfc44d74) Importer(815301076,1909f56bfc062723c751e8b465ee728b)  -> (artifact id: '4a36fcd189465b2d7bceb776daed5a07') in 0.020876 seconds 
  Import took 0.030013 seconds .

========================================================================
Received Import Request.
  Time since last request: 6.650892 seconds.
  path: Assets/Prefabs/bEImage.prefab
  artifactKey: Guid(60de6e8c067ed4a4cad7df5e722af289) Importer(815301076,1909f56bfc062723c751e8b465ee728b)
Start importing Assets/Prefabs/bEImage.prefab using Guid(60de6e8c067ed4a4cad7df5e722af289) Importer(815301076,1909f56bfc062723c751e8b465ee728b)  -> (artifact id: 'e0d0a672f8534c3ed82be31368087822') in 0.021285 seconds 
  Import took 0.030920 seconds .

========================================================================
Received Import Request.
  Time since last request: 4.918633 seconds.
  path: Assets/Prefabs/bIImage.prefab
  artifactKey: Guid(5db9d8b2b825e416dbcaffffa19440e8) Importer(815301076,1909f56bfc062723c751e8b465ee728b)
Start importing Assets/Prefabs/bIImage.prefab using Guid(5db9d8b2b825e416dbcaffffa19440e8) Importer(815301076,1909f56bfc062723c751e8b465ee728b)  -> (artifact id: '0a9c77ff1df7405b51b288cadbfb0432') in 0.018697 seconds 
  Import took 0.028757 seconds .

========================================================================
Received Prepare
Registering precompiled user dll's ...
Registered in 0.009409 seconds.
Begin MonoManager ReloadAssembly
Native extension for OSXStandalone target not found
Refreshing native plugins compatible for Editor in 2.64 ms, found 3 plugins.
Preloading 0 native plugins for Editor in 0.00 ms.
2022-04-02 16:11:18.372 Unity[2271:21115] NSEventModifierFlagFunction specified to -setKeyEquivalentModifierMask: for item <NSMenuItem: 0x60000273f4f0 Font Asset, ke='Command-F12'>, but is only supported for system-provided menu items; will not be used
Mono: successfully reloaded assembly
- Completed reload, in  2.177 seconds
Domain Reload Profiling:
	ReloadAssembly (2177ms)
		BeginReloadAssembly (165ms)
			ExecutionOrderSort (0ms)
			DisableScriptedObjects (9ms)
			BackupInstance (0ms)
			ReleaseScriptingObjects (0ms)
			CreateAndSetChildDomain (67ms)
		EndReloadAssembly (1929ms)
			LoadAssemblies (173ms)
			RebuildTransferFunctionScriptingTraits (0ms)
			SetupTypeCache (725ms)
			ReleaseScriptCaches (2ms)
			RebuildScriptCaches (119ms)
			SetupLoadedEditorAssemblies (658ms)
				LogAssemblyErrors (0ms)
				InitializePlatformSupportModulesInManaged (11ms)
				SetLoadedEditorAssemblies (1ms)
				RefreshPlugins (3ms)
				BeforeProcessingInitializeOnLoad (235ms)
				ProcessInitializeOnLoadAttributes (391ms)
				ProcessInitializeOnLoadMethodAttributes (16ms)
				AfterProcessingInitializeOnLoad (1ms)
				EditorAssembliesLoaded (0ms)
			ExecutionOrderSort2 (0ms)
			AwakeInstancesAfterBackupRestoration (13ms)
Platform modules already initialized, skipping
Switching build target platform(2) subTarget(0) extendedPlatform(0) -> platform(9) subTarget(16777218) extendedPlatform(0)
Refreshing native plugins compatible for Editor in 2.04 ms, found 3 plugins.
Preloading 0 native plugins for Editor in 0.00 ms.
Unloading 2757 Unused Serialized files (Serialized files now loaded: 0)
System memory in use before: 243.1 MB.
System memory in use after: 243.4 MB.

Unloading 29 unused Assets to reduce memory usage. Loaded Objects now: 3321.
Total: 7.679042 ms (FindLiveObjects: 0.639088 ms CreateObjectMapping: 0.300633 ms MarkObjects: 6.698032 ms  DeleteObjects: 0.039295 ms)

AssetImportParameters requested are different than current active one (requested -> active):
  custom:video-decoder-ogg-theora: a1e56fd34408186e4bbccfd4996cb3dc -> 
  custom:container-muxer-webm: aa71ff27fc2769a1b78a27578f13a17b -> 
  custom:container-demuxer-webm: 4f35f7cbe854078d1ac9338744f61a02 -> 
  custom:container-demuxer-ogg: 62fdf1f143b41e24485cea50d1cbac27 -> 
  custom:video-encoder-webm-vp8: eb34c28f22e8b96e1ab97ce403110664 -> 
  custom:framework-osx-AVFoundation: e770b220cccbd017edd2c1fefb359320 -> 
  custom:video-decoder-webm-vp8: 9c59270c3fd7afecdb556c50c9e8de78 -> 
  custom:graphics/normal-map-encoding: 01000000000000000000000000000000 -> 02000000000000000000000000000000
  custom:audio-decoder-ogg-vorbis: bf7c407c2cedff20999df2af8eb42d56 -> 
  custom:audio-encoder-webm-vorbis: bf7c407c2cedff20999df2af8eb42d56 -> 
========================================================================
Received Prepare
Registering precompiled user dll's ...
Registered in 0.015873 seconds.
Begin MonoManager ReloadAssembly
Native extension for OSXStandalone target not found
Refreshing native plugins compatible for Editor in 1.42 ms, found 3 plugins.
Preloading 0 native plugins for Editor in 0.00 ms.
2022-04-02 16:13:42.878 Unity[2271:21115] NSEventModifierFlagFunction specified to -setKeyEquivalentModifierMask: for item <NSMenuItem: 0x60000241f640 Font Asset, ke='Command-F12'>, but is only supported for system-provided menu items; will not be used
Mono: successfully reloaded assembly
- Completed reload, in  2.303 seconds
Domain Reload Profiling:
	ReloadAssembly (2304ms)
		BeginReloadAssembly (202ms)
			ExecutionOrderSort (0ms)
			DisableScriptedObjects (11ms)
			BackupInstance (0ms)
			ReleaseScriptingObjects (0ms)
			CreateAndSetChildDomain (78ms)
		EndReloadAssembly (2017ms)
			LoadAssemblies (141ms)
			RebuildTransferFunctionScriptingTraits (0ms)
			SetupTypeCache (717ms)
			ReleaseScriptCaches (2ms)
			RebuildScriptCaches (117ms)
			SetupLoadedEditorAssemblies (692ms)
				LogAssemblyErrors (0ms)
				InitializePlatformSupportModulesInManaged (6ms)
				SetLoadedEditorAssemblies (1ms)
				RefreshPlugins (1ms)
				BeforeProcessingInitializeOnLoad (210ms)
				ProcessInitializeOnLoadAttributes (448ms)
				ProcessInitializeOnLoadMethodAttributes (23ms)
				AfterProcessingInitializeOnLoad (2ms)
				EditorAssembliesLoaded (0ms)
			ExecutionOrderSort2 (0ms)
			AwakeInstancesAfterBackupRestoration (26ms)
Platform modules already initialized, skipping
Switching build target platform(2) subTarget(0) extendedPlatform(0) -> platform(9) subTarget(16777218) extendedPlatform(0)
Refreshing native plugins compatible for Editor in 3.44 ms, found 3 plugins.
Preloading 0 native plugins for Editor in 0.00 ms.
Unloading 2757 Unused Serialized files (Serialized files now loaded: 0)
System memory in use before: 244.1 MB.
System memory in use after: 244.4 MB.

Unloading 28 unused Assets to reduce memory usage. Loaded Objects now: 3334.
Total: 7.105866 ms (FindLiveObjects: 0.933836 ms CreateObjectMapping: 0.388394 ms MarkObjects: 5.738125 ms  DeleteObjects: 0.043050 ms)

AssetImportParameters requested are different than current active one (requested -> active):
  custom:video-decoder-ogg-theora: a1e56fd34408186e4bbccfd4996cb3dc -> 
  custom:container-muxer-webm: aa71ff27fc2769a1b78a27578f13a17b -> 
  custom:container-demuxer-webm: 4f35f7cbe854078d1ac9338744f61a02 -> 
  custom:container-demuxer-ogg: 62fdf1f143b41e24485cea50d1cbac27 -> 
  custom:video-encoder-webm-vp8: eb34c28f22e8b96e1ab97ce403110664 -> 
  custom:framework-osx-AVFoundation: e770b220cccbd017edd2c1fefb359320 -> 
  custom:video-decoder-webm-vp8: 9c59270c3fd7afecdb556c50c9e8de78 -> 
  custom:graphics/normal-map-encoding: 01000000000000000000000000000000 -> 02000000000000000000000000000000
  custom:audio-decoder-ogg-vorbis: bf7c407c2cedff20999df2af8eb42d56 -> 
  custom:audio-encoder-webm-vorbis: bf7c407c2cedff20999df2af8eb42d56 -> 
========================================================================
Received Import Request.
  Time since last request: 410.146092 seconds.
  path: Assets/Scripts/DOhiraText.cs
  artifactKey: Guid(1e619da3a11f04c4d8a17321bf91cd2d) Importer(815301076,1909f56bfc062723c751e8b465ee728b)
Start importing Assets/Scripts/DOhiraText.cs using Guid(1e619da3a11f04c4d8a17321bf91cd2d) Importer(815301076,1909f56bfc062723c751e8b465ee728b)  -> (artifact id: 'c2059bf4232cb10bb361fbefe1224f24') in 0.890864 seconds 
  Import took 0.903237 seconds .

========================================================================
Received Prepare
Registering precompiled user dll's ...
Registered in 0.011049 seconds.
Begin MonoManager ReloadAssembly
Native extension for OSXStandalone target not found
Refreshing native plugins compatible for Editor in 2.10 ms, found 3 plugins.
Preloading 0 native plugins for Editor in 0.00 ms.
2022-04-02 16:21:44.409 Unity[2271:21115] NSEventModifierFlagFunction specified to -setKeyEquivalentModifierMask: for item <NSMenuItem: 0x600002411ab0 Font Asset, ke='Command-F12'>, but is only supported for system-provided menu items; will not be used
Mono: successfully reloaded assembly
- Completed reload, in  2.081 seconds
Domain Reload Profiling:
	ReloadAssembly (2081ms)
		BeginReloadAssembly (191ms)
			ExecutionOrderSort (0ms)
			DisableScriptedObjects (9ms)
			BackupInstance (0ms)
			ReleaseScriptingObjects (0ms)
			CreateAndSetChildDomain (74ms)
		EndReloadAssembly (1775ms)
			LoadAssemblies (190ms)
			RebuildTransferFunctionScriptingTraits (0ms)
			SetupTypeCache (605ms)
			ReleaseScriptCaches (2ms)
			RebuildScriptCaches (90ms)
			SetupLoadedEditorAssemblies (670ms)
				LogAssemblyErrors (0ms)
				InitializePlatformSupportModulesInManaged (9ms)
				SetLoadedEditorAssemblies (1ms)
				RefreshPlugins (2ms)
				BeforeProcessingInitializeOnLoad (236ms)
				ProcessInitializeOnLoadAttributes (405ms)
				ProcessInitializeOnLoadMethodAttributes (15ms)
				AfterProcessingInitializeOnLoad (1ms)
				EditorAssembliesLoaded (0ms)
			ExecutionOrderSort2 (0ms)
			AwakeInstancesAfterBackupRestoration (23ms)
Platform modules already initialized, skipping
Switching build target platform(2) subTarget(0) extendedPlatform(0) -> platform(9) subTarget(16777218) extendedPlatform(0)
Refreshing native plugins compatible for Editor in 1.23 ms, found 3 plugins.
Preloading 0 native plugins for Editor in 0.00 ms.
Unloading 2757 Unused Serialized files (Serialized files now loaded: 0)
System memory in use before: 248.5 MB.
System memory in use after: 248.8 MB.

Unloading 28 unused Assets to reduce memory usage. Loaded Objects now: 3347.
Total: 4.590172 ms (FindLiveObjects: 0.327621 ms CreateObjectMapping: 0.270533 ms MarkObjects: 3.964334 ms  DeleteObjects: 0.026226 ms)

AssetImportParameters requested are different than current active one (requested -> active):
  custom:video-decoder-ogg-theora: a1e56fd34408186e4bbccfd4996cb3dc -> 
  custom:container-muxer-webm: aa71ff27fc2769a1b78a27578f13a17b -> 
  custom:container-demuxer-webm: 4f35f7cbe854078d1ac9338744f61a02 -> 
  custom:container-demuxer-ogg: 62fdf1f143b41e24485cea50d1cbac27 -> 
  custom:video-encoder-webm-vp8: eb34c28f22e8b96e1ab97ce403110664 -> 
  custom:framework-osx-AVFoundation: e770b220cccbd017edd2c1fefb359320 -> 
  custom:video-decoder-webm-vp8: 9c59270c3fd7afecdb556c50c9e8de78 -> 
  custom:graphics/normal-map-encoding: 01000000000000000000000000000000 -> 02000000000000000000000000000000
  custom:audio-decoder-ogg-vorbis: bf7c407c2cedff20999df2af8eb42d56 -> 
  custom:audio-encoder-webm-vorbis: bf7c407c2cedff20999df2af8eb42d56 -> 
========================================================================
Received Prepare
Registering precompiled user dll's ...
Registered in 0.012121 seconds.
Begin MonoManager ReloadAssembly
Native extension for OSXStandalone target not found
Refreshing native plugins compatible for Editor in 3.67 ms, found 3 plugins.
Preloading 0 native plugins for Editor in 0.00 ms.
2022-04-02 16:30:24.182 Unity[2271:21115] NSEventModifierFlagFunction specified to -setKeyEquivalentModifierMask: for item <NSMenuItem: 0x600002410af0 Font Asset, ke='Command-F12'>, but is only supported for system-provided menu items; will not be used
Mono: successfully reloaded assembly
- Completed reload, in  2.268 seconds
Domain Reload Profiling:
	ReloadAssembly (2269ms)
		BeginReloadAssembly (176ms)
			ExecutionOrderSort (0ms)
			DisableScriptedObjects (9ms)
			BackupInstance (0ms)
			ReleaseScriptingObjects (0ms)
			CreateAndSetChildDomain (74ms)
		EndReloadAssembly (1999ms)
			LoadAssemblies (187ms)
			RebuildTransferFunctionScriptingTraits (0ms)
			SetupTypeCache (588ms)
			ReleaseScriptCaches (1ms)
			RebuildScriptCaches (91ms)
			SetupLoadedEditorAssemblies (878ms)
				LogAssemblyErrors (0ms)
				InitializePlatformSupportModulesInManaged (59ms)
				SetLoadedEditorAssemblies (8ms)
				RefreshPlugins (4ms)
				BeforeProcessingInitializeOnLoad (326ms)
				ProcessInitializeOnLoadAttributes (459ms)
				ProcessInitializeOnLoadMethodAttributes (21ms)
				AfterProcessingInitializeOnLoad (1ms)
				EditorAssembliesLoaded (0ms)
			ExecutionOrderSort2 (0ms)
			AwakeInstancesAfterBackupRestoration (28ms)
Platform modules already initialized, skipping
Switching build target platform(2) subTarget(0) extendedPlatform(0) -> platform(9) subTarget(16777218) extendedPlatform(0)
Refreshing native plugins compatible for Editor in 1.22 ms, found 3 plugins.
Preloading 0 native plugins for Editor in 0.00 ms.
Unloading 2757 Unused Serialized files (Serialized files now loaded: 0)
System memory in use before: 248.8 MB.
System memory in use after: 249.0 MB.

Unloading 28 unused Assets to reduce memory usage. Loaded Objects now: 3360.
Total: 4.188619 ms (FindLiveObjects: 0.305878 ms CreateObjectMapping: 0.115937 ms MarkObjects: 3.737031 ms  DeleteObjects: 0.028768 ms)

AssetImportParameters requested are different than current active one (requested -> active):
  custom:video-decoder-ogg-theora: a1e56fd34408186e4bbccfd4996cb3dc -> 
  custom:container-muxer-webm: aa71ff27fc2769a1b78a27578f13a17b -> 
  custom:container-demuxer-webm: 4f35f7cbe854078d1ac9338744f61a02 -> 
  custom:container-demuxer-ogg: 62fdf1f143b41e24485cea50d1cbac27 -> 
  custom:video-encoder-webm-vp8: eb34c28f22e8b96e1ab97ce403110664 -> 
  custom:framework-osx-AVFoundation: e770b220cccbd017edd2c1fefb359320 -> 
  custom:video-decoder-webm-vp8: 9c59270c3fd7afecdb556c50c9e8de78 -> 
  custom:graphics/normal-map-encoding: 01000000000000000000000000000000 -> 02000000000000000000000000000000
  custom:audio-decoder-ogg-vorbis: bf7c407c2cedff20999df2af8eb42d56 -> 
  custom:audio-encoder-webm-vorbis: bf7c407c2cedff20999df2af8eb42d56 -> 
========================================================================
Received Prepare
Registering precompiled user dll's ...
Registered in 0.012973 seconds.
Begin MonoManager ReloadAssembly
Native extension for OSXStandalone target not found
Refreshing native plugins compatible for Editor in 1.30 ms, found 3 plugins.
Preloading 0 native plugins for Editor in 0.00 ms.
2022-04-02 16:35:35.270 Unity[2271:21115] NSEventModifierFlagFunction specified to -setKeyEquivalentModifierMask: for item <NSMenuItem: 0x600002737560 Font Asset, ke='Command-F12'>, but is only supported for system-provided menu items; will not be used
Mono: successfully reloaded assembly
- Completed reload, in  1.774 seconds
Domain Reload Profiling:
	ReloadAssembly (1774ms)
		BeginReloadAssembly (191ms)
			ExecutionOrderSort (0ms)
			DisableScriptedObjects (10ms)
			BackupInstance (0ms)
			ReleaseScriptingObjects (0ms)
			CreateAndSetChildDomain (83ms)
		EndReloadAssembly (1502ms)
			LoadAssemblies (187ms)
			RebuildTransferFunctionScriptingTraits (0ms)
			SetupTypeCache (514ms)
			ReleaseScriptCaches (1ms)
			RebuildScriptCaches (78ms)
			SetupLoadedEditorAssemblies (523ms)
				LogAssemblyErrors (0ms)
				InitializePlatformSupportModulesInManaged (6ms)
				SetLoadedEditorAssemblies (1ms)
				RefreshPlugins (1ms)
				BeforeProcessingInitializeOnLoad (178ms)
				ProcessInitializeOnLoadAttributes (321ms)
				ProcessInitializeOnLoadMethodAttributes (15ms)
				AfterProcessingInitializeOnLoad (1ms)
				EditorAssembliesLoaded (0ms)
			ExecutionOrderSort2 (0ms)
			AwakeInstancesAfterBackupRestoration (22ms)
Platform modules already initialized, skipping
Switching build target platform(2) subTarget(0) extendedPlatform(0) -> platform(9) subTarget(16777218) extendedPlatform(0)
Refreshing native plugins compatible for Editor in 1.27 ms, found 3 plugins.
Preloading 0 native plugins for Editor in 0.00 ms.
Unloading 2757 Unused Serialized files (Serialized files now loaded: 0)
System memory in use before: 249.0 MB.
System memory in use after: 249.2 MB.

Unloading 28 unused Assets to reduce memory usage. Loaded Objects now: 3373.
Total: 4.219713 ms (FindLiveObjects: 0.320001 ms CreateObjectMapping: 0.118039 ms MarkObjects: 3.752668 ms  DeleteObjects: 0.027719 ms)

AssetImportParameters requested are different than current active one (requested -> active):
  custom:video-decoder-ogg-theora: a1e56fd34408186e4bbccfd4996cb3dc -> 
  custom:container-muxer-webm: aa71ff27fc2769a1b78a27578f13a17b -> 
  custom:container-demuxer-webm: 4f35f7cbe854078d1ac9338744f61a02 -> 
  custom:container-demuxer-ogg: 62fdf1f143b41e24485cea50d1cbac27 -> 
  custom:video-encoder-webm-vp8: eb34c28f22e8b96e1ab97ce403110664 -> 
  custom:framework-osx-AVFoundation: e770b220cccbd017edd2c1fefb359320 -> 
  custom:video-decoder-webm-vp8: 9c59270c3fd7afecdb556c50c9e8de78 -> 
  custom:graphics/normal-map-encoding: 01000000000000000000000000000000 -> 02000000000000000000000000000000
  custom:audio-decoder-ogg-vorbis: bf7c407c2cedff20999df2af8eb42d56 -> 
  custom:audio-encoder-webm-vorbis: bf7c407c2cedff20999df2af8eb42d56 -> 
========================================================================
Received Prepare
Registering precompiled user dll's ...
Registered in 0.010885 seconds.
Begin MonoManager ReloadAssembly
Native extension for OSXStandalone target not found
Refreshing native plugins compatible for Editor in 1.44 ms, found 3 plugins.
Preloading 0 native plugins for Editor in 0.00 ms.
2022-04-02 16:50:01.013 Unity[2271:21115] NSEventModifierFlagFunction specified to -setKeyEquivalentModifierMask: for item <NSMenuItem: 0x6000027363e0 Font Asset, ke='Command-F12'>, but is only supported for system-provided menu items; will not be used
Mono: successfully reloaded assembly
- Completed reload, in  2.645 seconds
Domain Reload Profiling:
	ReloadAssembly (2646ms)
		BeginReloadAssembly (406ms)
			ExecutionOrderSort (0ms)
			DisableScriptedObjects (30ms)
			BackupInstance (0ms)
			ReleaseScriptingObjects (0ms)
			CreateAndSetChildDomain (191ms)
		EndReloadAssembly (2010ms)
			LoadAssemblies (358ms)
			RebuildTransferFunctionScriptingTraits (0ms)
			SetupTypeCache (666ms)
			ReleaseScriptCaches (1ms)
			RebuildScriptCaches (106ms)
			SetupLoadedEditorAssemblies (639ms)
				LogAssemblyErrors (0ms)
				InitializePlatformSupportModulesInManaged (7ms)
				SetLoadedEditorAssemblies (1ms)
				RefreshPlugins (1ms)
				BeforeProcessingInitializeOnLoad (201ms)
				ProcessInitializeOnLoadAttributes (411ms)
				ProcessInitializeOnLoadMethodAttributes (16ms)
				AfterProcessingInitializeOnLoad (1ms)
				EditorAssembliesLoaded (0ms)
			ExecutionOrderSort2 (0ms)
			AwakeInstancesAfterBackupRestoration (26ms)
Platform modules already initialized, skipping
Switching build target platform(2) subTarget(0) extendedPlatform(0) -> platform(9) subTarget(16777218) extendedPlatform(0)
Refreshing native plugins compatible for Editor in 1.23 ms, found 3 plugins.
Preloading 0 native plugins for Editor in 0.00 ms.
Unloading 2757 Unused Serialized files (Serialized files now loaded: 0)
System memory in use before: 249.3 MB.
System memory in use after: 249.5 MB.

Unloading 28 unused Assets to reduce memory usage. Loaded Objects now: 3386.
Total: 4.521904 ms (FindLiveObjects: 0.313813 ms CreateObjectMapping: 0.125015 ms MarkObjects: 4.050717 ms  DeleteObjects: 0.031166 ms)

AssetImportParameters requested are different than current active one (requested -> active):
  custom:video-decoder-ogg-theora: a1e56fd34408186e4bbccfd4996cb3dc -> 
  custom:container-muxer-webm: aa71ff27fc2769a1b78a27578f13a17b -> 
  custom:container-demuxer-webm: 4f35f7cbe854078d1ac9338744f61a02 -> 
  custom:container-demuxer-ogg: 62fdf1f143b41e24485cea50d1cbac27 -> 
  custom:video-encoder-webm-vp8: eb34c28f22e8b96e1ab97ce403110664 -> 
  custom:framework-osx-AVFoundation: e770b220cccbd017edd2c1fefb359320 -> 
  custom:video-decoder-webm-vp8: 9c59270c3fd7afecdb556c50c9e8de78 -> 
  custom:graphics/normal-map-encoding: 01000000000000000000000000000000 -> 02000000000000000000000000000000
  custom:audio-decoder-ogg-vorbis: bf7c407c2cedff20999df2af8eb42d56 -> 
  custom:audio-encoder-webm-vorbis: bf7c407c2cedff20999df2af8eb42d56 -> 
