
=== Tue Nov 16 09:28:28 2021

Packages were changed.
Update Mode: mergeDefaultDependencies

The following packages were 追加済:
  com.unity.collab-proxy@1.13.5
  com.unity.ide.rider@2.0.7
  com.unity.ide.visualstudio@2.0.11
  com.unity.ide.vscode@1.2.4
  com.unity.modules.ai@1.0.0
  com.unity.modules.androidjni@1.0.0
  com.unity.modules.animation@1.0.0
  com.unity.modules.assetbundle@1.0.0
  com.unity.modules.audio@1.0.0
  com.unity.modules.cloth@1.0.0
  com.unity.modules.director@1.0.0
  com.unity.modules.imageconversion@1.0.0
  com.unity.modules.imgui@1.0.0
  com.unity.modules.jsonserialize@1.0.0
  com.unity.modules.particlesystem@1.0.0
  com.unity.modules.physics@1.0.0
  com.unity.modules.physics2d@1.0.0
  com.unity.modules.screencapture@1.0.0
  com.unity.modules.terrain@1.0.0
  com.unity.modules.terrainphysics@1.0.0
  com.unity.modules.tilemap@1.0.0
  com.unity.modules.ui@1.0.0
  com.unity.modules.uielements@1.0.0
  com.unity.modules.umbra@1.0.0
  com.unity.modules.unityanalytics@1.0.0
  com.unity.modules.unitywebrequest@1.0.0
  com.unity.modules.unitywebrequestassetbundle@1.0.0
  com.unity.modules.unitywebrequestaudio@1.0.0
  com.unity.modules.unitywebrequesttexture@1.0.0
  com.unity.modules.unitywebrequestwww@1.0.0
  com.unity.modules.vehicles@1.0.0
  com.unity.modules.video@1.0.0
  com.unity.modules.vr@1.0.0
  com.unity.modules.wind@1.0.0
  com.unity.modules.xr@1.0.0
  com.unity.test-framework@1.1.29
  com.unity.textmeshpro@3.0.6
  com.unity.timeline@1.4.8
  com.unity.ugui@1.0.0
The following packages were 更新済:
  com.unity.2d.animation をバージョン 5.0.1 から 5.0.9 へ
  com.unity.2d.psdimporter をバージョン 4.0.1 から 4.1.2 へ
  com.unity.2d.spriteshape をバージョン 5.0.1 から 5.1.5 へ

=== Sun Nov 21 06:57:06 2021

Packages were changed.
Update Mode: mergeDefaultDependencies

The following packages were 追加済:
  com.unity.cinemachine@2.7.3
  com.unity.postprocessing@2.3.0

=== Wed May 10 09:28:25 2023

Packages were changed.
Update Mode: updateDependencies

The following packages were 更新済:
  com.unity.2d.animation をバージョン 5.0.9 から 7.0.6 へ
  com.unity.2d.pixel-perfect をバージョン 4.0.1 から 5.0.1 へ
  com.unity.2d.psdimporter をバージョン 4.1.2 から 6.0.4 へ
  com.unity.2d.spriteshape をバージョン 5.1.5 から 7.0.5 へ
  com.unity.cinemachine をバージョン 2.7.3 から 2.8.6 へ
  com.unity.collab-proxy をバージョン 1.13.5 から 1.17.1 へ
  com.unity.ide.rider をバージョン 2.0.7 から 3.0.15 へ
  com.unity.ide.visualstudio をバージョン 2.0.11 から 2.0.16 へ
  com.unity.ide.vscode をバージョン 1.2.4 から 1.2.5 へ
  com.unity.mobile.android-logcat をバージョン 1.2.3 から 1.3.2 へ
  com.unity.postprocessing をバージョン 2.3.0 から 3.2.2 へ
  com.unity.test-framework をバージョン 1.1.29 から 1.1.31 へ
  com.unity.timeline をバージョン 1.4.8 から 1.6.4 へ

=== Sat May 13 15:14:55 2023

Packages were changed.
Update Mode: updateDependencies

The following packages were updated:
  com.unity.2d.animation from version 7.0.6 to 7.0.10
  com.unity.2d.pixel-perfect from version 5.0.1 to 5.0.3
  com.unity.2d.psdimporter from version 6.0.4 to 6.0.7
  com.unity.2d.spriteshape from version 7.0.5 to 7.0.7
  com.unity.cinemachine from version 2.8.6 to 2.8.9
  com.unity.collab-proxy from version 1.17.1 to 2.0.3
  com.unity.ide.rider from version 3.0.15 to 3.0.20
  com.unity.ide.visualstudio from version 2.0.16 to 2.0.18

=== Sat Apr 27 15:42:11 2024

Packages were changed.
Update Mode: updateDependencies

The following packages were added:
  com.unity.ai.navigation@2.0.0
  com.unity.modules.accessibility@1.0.0
The following packages were updated:
  com.unity.2d.animation from version 7.0.11 to 10.1.1
  com.unity.2d.psdimporter from version 6.0.7 to 9.0.2
  com.unity.2d.spriteshape from version 7.0.7 to 10.0.3
  com.unity.cinemachine from version 2.8.9 to 2.9.5
  com.unity.collab-proxy from version 2.0.4 to 2.3.1
  com.unity.ide.rider from version 3.0.20 to 3.0.28
  com.unity.ide.visualstudio from version 2.0.18 to 2.0.22
  com.unity.mobile.android-logcat from version 1.3.2 to 1.4.0
  com.unity.mobile.notifications from version 2.1.1 to 2.3.2
  com.unity.postprocessing from version 3.2.2 to 3.4.0
  com.unity.test-framework from version 1.1.33 to 1.3.9
  com.unity.timeline from version 1.6.4 to 1.8.6
  com.unity.ugui from version 1.0.0 to 2.0.0
The following packages were removed:
  com.unity.textmeshpro@3.0.6

=== Mon Feb  3 18:08:45 2025

Packages were changed.
Update Mode: updateDependencies

The following packages were 追加済み:
  com.unity.multiplayer.center@1.0.0
The following packages were 更新済み:
  com.unity.2d.animation をバージョン 10.1.1 から 10.1.4 へ
  com.unity.2d.psdimporter をバージョン 9.0.2 から 9.0.3 へ
  com.unity.2d.spriteshape をバージョン 10.0.3 から 10.0.7 へ
  com.unity.ai.navigation をバージョン 2.0.0 から 2.0.5 へ
  com.unity.cinemachine をバージョン 2.9.5 から 2.10.3 へ
  com.unity.collab-proxy をバージョン 2.3.1 から 2.6.0 へ
  com.unity.ide.rider をバージョン 3.0.28 から 3.0.31 へ
  com.unity.mobile.android-logcat をバージョン 1.4.0 から 1.4.4 へ
  com.unity.mobile.notifications をバージョン 2.3.2 から 2.4.0 へ
  com.unity.purchasing をバージョン 4.11.0 から 4.12.2 へ
  com.unity.test-framework をバージョン 1.3.9 から 1.4.5 へ
  com.unity.timeline をバージョン 1.8.6 から 1.8.7 へ
